#
# A fatal error has been detected by the Java Runtime Environment:
#
#  Internal Error (safepoint.cpp:712), pid=80826, tid=0x0000000000005f0b
#  fatal error: Illegal threadstate encountered: 4
#
# JRE version: Java(TM) SE Runtime Environment (8.0_202-b08) (build 1.8.0_202-b08)
# Java VM: Java HotSpot(TM) 64-Bit Server VM (25.202-b08 mixed mode bsd-amd64 compressed oops)
# Failed to write core dump. Core dumps have been disabled. To enable core dumping, try "ulimit -c unlimited" before starting Java again
#
# If you would like to submit a bug report, please visit:
#   http://bugreport.java.com/bugreport/crash.jsp
# The crash happened outside the Java Virtual Machine in native code.
# See problematic frame for where to report the bug.
#

---------------  T H R E A D  ---------------

Current thread (0x00007fba880fc000):  JavaThread "Thread-1" daemon [_thread_in_native, id=24331, stack(0x000070000a3d3000,0x000070000a4d3000)]

Stack: [0x000070000a3d3000,0x000070000a4d3000],  sp=0x000070000a4d1c80,  free space=1019k
Native frames: (J=compiled Java code, j=interpreted, Vv=VM code, C=native code)
V  [libjvm.dylib+0x5b698e]
V  [libjvm.dylib+0x1e9bed]
V  [libjvm.dylib+0x4e66a8]
V  [libjvm.dylib+0x56fa72]
V  [libjvm.dylib+0x16ab4e]
V  [libjvm.dylib+0x317599]
C  [libglass.dylib+0x49d1]  -[GlassRunnable dealloc]+0x31
C  [libobjc.A.dylib+0x25e98]  _ZN11objc_object17sidetable_releaseEbb+0xee
C  [Foundation+0x818be]  -[_NSThreadPerformInfo dealloc]+0x2a
C  [libobjc.A.dylib+0x25e98]  _ZN11objc_object17sidetable_releaseEbb+0xee
C  [Foundation+0x4e446]  -[NSObject(NSThreadPerformAdditions) performSelectorOnMainThread:withObject:waitUntilDone:]+0x7c
j  com.sun.glass.ui.mac.MacApplication._submitForLaterInvocation(Ljava/lang/Runnable;)V+0
j  com.sun.glass.ui.mac.MacApplication.submitForLaterInvocation(Ljava/lang/Runnable;)V+2
j  com.sun.glass.ui.InvokeLaterDispatcher.run()V+82
v  ~StubRoutines::call_stub
V  [libjvm.dylib+0x2f0d1e]
V  [libjvm.dylib+0x2f14c2]
V  [libjvm.dylib+0x2f166e]
V  [libjvm.dylib+0x34bf5d]
V  [libjvm.dylib+0x570b93]
V  [libjvm.dylib+0x57228e]
V  [libjvm.dylib+0x48f30a]
C  [libsystem_pthread.dylib+0x64e1]  _pthread_start+0x7d
C  [libsystem_pthread.dylib+0x1f6b]  thread_start+0xf
C  0x0000000000000000

Java frames: (J=compiled Java code, j=interpreted, Vv=VM code)
j  com.sun.glass.ui.mac.MacApplication._submitForLaterInvocation(Ljava/lang/Runnable;)V+0
j  com.sun.glass.ui.mac.MacApplication.submitForLaterInvocation(Ljava/lang/Runnable;)V+2
j  com.sun.glass.ui.InvokeLaterDispatcher.run()V+82
v  ~StubRoutines::call_stub

---------------  P R O C E S S  ---------------

Java Threads: ( => current thread )
  0x00007fba87a83800 JavaThread "Prism Font Disposer" daemon [_thread_blocked, id=78859, stack(0x000070000a868000,0x000070000a968000)]
  0x00007fba8993d800 JavaThread "JavaFX-Launcher" [_thread_blocked, id=83459, stack(0x000070000a765000,0x000070000a865000)]
  0x00007fba89939800 JavaThread "Thread-3" daemon [_thread_in_native, id=35079, stack(0x000070000a559000,0x000070000a5d9000)]
  0x00007fba89914800 JavaThread "JavaFX Application Thread" [_thread_in_native, id=259, stack(0x00007ff7afc83000,0x00007ff7b0483000)]
=>0x00007fba880fc000 JavaThread "Thread-1" daemon [_thread_in_native, id=24331, stack(0x000070000a3d3000,0x000070000a4d3000)]
  0x00007fba8908b000 JavaThread "QuantumRenderer-0" daemon [_thread_blocked, id=16643, stack(0x000070000a2d0000,0x000070000a3d0000)]
  0x00007fba89841800 JavaThread "Service Thread" daemon [_thread_blocked, id=17411, stack(0x000070000a0ca000,0x000070000a1ca000)]
  0x00007fba89844000 JavaThread "C1 CompilerThread2" daemon [_thread_blocked, id=17667, stack(0x0000700009fc7000,0x000070000a0c7000)]
  0x00007fba8804e800 JavaThread "C2 CompilerThread1" daemon [_thread_blocked, id=18179, stack(0x0000700009ec4000,0x0000700009fc4000)]
  0x00007fba87815000 JavaThread "C2 CompilerThread0" daemon [_thread_blocked, id=13571, stack(0x0000700009dc1000,0x0000700009ec1000)]
  0x00007fba89052800 JavaThread "Monitor Ctrl-Break" daemon [_thread_in_native, id=18691, stack(0x0000700009cbe000,0x0000700009dbe000)]
  0x00007fba87813800 JavaThread "Signal Dispatcher" daemon [_thread_blocked, id=12803, stack(0x0000700009bbb000,0x0000700009cbb000)]
  0x00007fba89017000 JavaThread "Finalizer" daemon [_thread_blocked, id=20483, stack(0x00007000099b2000,0x0000700009ab2000)]
  0x00007fba88047000 JavaThread "Reference Handler" daemon [_thread_blocked, id=20995, stack(0x00007000098af000,0x00007000099af000)]
  0x00007fba8780e800 JavaThread "main" [_thread_blocked, id=3843, stack(0x000070000929d000,0x000070000939d000)]

Other Threads:
  0x00007fba89011000 VMThread [stack: 0x00007000097ac000,0x00007000098ac000] [id=11011]
  0x00007fba89842000 WatcherThread [stack: 0x000070000a1cd000,0x000070000a2cd000] [id=17155]

VM state:not at safepoint (normal execution)

VM Mutex/Monitor currently owned by a thread: None

heap address: 0x0000000740000000, size: 2048 MB, Compressed Oops mode: Zero based, Oop shift amount: 3
Narrow klass base: 0x0000000000000000, Narrow klass shift: 3
Compressed class space size: 1073741824 Address: 0x00000007c0000000

Heap:
 PSYoungGen      total 232960K, used 168699K [0x0000000795580000, 0x00000007ab400000, 0x00000007c0000000)
  eden space 194048K, 86% used [0x0000000795580000,0x000000079fa36c78,0x00000007a1300000)
  from space 38912K, 0% used [0x00000007a1300000,0x00000007a1308000,0x00000007a3900000)
  to   space 37888K, 0% used [0x00000007a8f00000,0x00000007a8f00000,0x00000007ab400000)
 ParOldGen       total 145408K, used 73352K [0x0000000740000000, 0x0000000748e00000, 0x0000000795580000)
  object space 145408K, 50% used [0x0000000740000000,0x00000007447a23a0,0x0000000748e00000)
 Metaspace       used 16056K, capacity 16808K, committed 17024K, reserved 1064960K
  class space    used 2180K, capacity 2389K, committed 2432K, reserved 1048576K

Card table byte_map: [0x000000011005f000,0x0000000110460000] byte_map_base: 0x000000010c65f000

Marking Bits: (ParMarkBitMap*) 0x0000000111433e40
 Begin Bits: [0x0000000111af1000, 0x0000000113af1000)
 End Bits:   [0x0000000113af1000, 0x0000000115af1000)

Polling page: 0x000000010fbb5000

CodeCache: size=245760Kb used=6022Kb max_used=6036Kb free=239738Kb
 bounds [0x000000011e88e000, 0x000000011ee7e000, 0x000000012d88e000]
 total_blobs=2528 nmethods=1879 adapters=561
 compilation: enabled

Compilation events (10 events):
Event: 7.672 Thread 0x00007fba89844000 nmethod 1877 0x000000011ee71890 code [0x000000011ee71a20, 0x000000011ee71db8]
Event: 7.672 Thread 0x00007fba89844000 1878       3       com.sun.javafx.sg.prism.NGNode::clearDirty (26 bytes)
Event: 7.673 Thread 0x00007fba89844000 nmethod 1878 0x000000011ee71410 code [0x000000011ee71580, 0x000000011ee717e8]
Event: 7.673 Thread 0x00007fba89844000 1879       3       com.sun.prism.impl.ManagedResource::isValid (20 bytes)
Event: 7.673 Thread 0x00007fba89844000 nmethod 1879 0x000000011ee71010 code [0x000000011ee71180, 0x000000011ee71370]
Event: 7.673 Thread 0x00007fba89844000 1876       3       com.sun.javafx.geom.transform.AffineBase::isTranslateOrIdentity (22 bytes)
Event: 7.673 Thread 0x00007fba89844000 nmethod 1876 0x000000011ee708d0 code [0x000000011ee70a60, 0x000000011ee70f18]
Event: 7.691 Thread 0x00007fba89844000 1880       1       javafx.scene.Cursor$StandardCursor::getCurrentFrame (5 bytes)
Event: 7.691 Thread 0x00007fba89844000 nmethod 1880 0x000000011ee74750 code [0x000000011ee748a0, 0x000000011ee749b0]
Event: 7.692 Thread 0x00007fba87815000 nmethod 1865 0x000000011ee74a10 code [0x000000011ee74ca0, 0x000000011ee75aa0]

GC Heap History (10 events):
Event: 4.912 GC heap before
{Heap before GC invocations=6 (full 1):
 PSYoungGen      total 71680K, used 66560K [0x0000000795580000, 0x000000079a080000, 0x00000007c0000000)
  eden space 66560K, 100% used [0x0000000795580000,0x0000000799680000,0x0000000799680000)
  from space 5120K, 0% used [0x0000000799b80000,0x0000000799b80000,0x000000079a080000)
  to   space 5120K, 0% used [0x0000000799680000,0x0000000799680000,0x0000000799b80000)
 ParOldGen       total 145408K, used 73344K [0x0000000740000000, 0x0000000748e00000, 0x0000000795580000)
  object space 145408K, 50% used [0x0000000740000000,0x00000007447a03a0,0x0000000748e00000)
 Metaspace       used 15889K, capacity 16592K, committed 16768K, reserved 1062912K
  class space    used 2178K, capacity 2389K, committed 2432K, reserved 1048576K
Event: 4.924 GC heap after
Heap after GC invocations=6 (full 1):
 PSYoungGen      total 71680K, used 64K [0x0000000795580000, 0x00000007a1a80000, 0x00000007c0000000)
  eden space 66560K, 0% used [0x0000000795580000,0x0000000795580000,0x0000000799680000)
  from space 5120K, 1% used [0x0000000799680000,0x0000000799690000,0x0000000799b80000)
  to   space 41984K, 0% used [0x000000079f180000,0x000000079f180000,0x00000007a1a80000)
 ParOldGen       total 145408K, used 73344K [0x0000000740000000, 0x0000000748e00000, 0x0000000795580000)
  object space 145408K, 50% used [0x0000000740000000,0x00000007447a03a0,0x0000000748e00000)
 Metaspace       used 15889K, capacity 16592K, committed 16768K, reserved 1062912K
  class space    used 2178K, capacity 2389K, committed 2432K, reserved 1048576K
}
Event: 5.065 GC heap before
{Heap before GC invocations=7 (full 1):
 PSYoungGen      total 71680K, used 66624K [0x0000000795580000, 0x00000007a1a80000, 0x00000007c0000000)
  eden space 66560K, 100% used [0x0000000795580000,0x0000000799680000,0x0000000799680000)
  from space 5120K, 1% used [0x0000000799680000,0x0000000799690000,0x0000000799b80000)
  to   space 41984K, 0% used [0x000000079f180000,0x000000079f180000,0x00000007a1a80000)
 ParOldGen       total 145408K, used 73344K [0x0000000740000000, 0x0000000748e00000, 0x0000000795580000)
  object space 145408K, 50% used [0x0000000740000000,0x00000007447a03a0,0x0000000748e00000)
 Metaspace       used 15889K, capacity 16592K, committed 16768K, reserved 1062912K
  class space    used 2178K, capacity 2389K, committed 2432K, reserved 1048576K
Event: 5.066 GC heap after
Heap after GC invocations=7 (full 1):
 PSYoungGen      total 153600K, used 96K [0x0000000795580000, 0x00000007a1700000, 0x00000007c0000000)
  eden space 115200K, 0% used [0x0000000795580000,0x0000000795580000,0x000000079c600000)
  from space 38400K, 0% used [0x000000079f180000,0x000000079f198000,0x00000007a1700000)
  to   space 41472K, 0% used [0x000000079c600000,0x000000079c600000,0x000000079ee80000)
 ParOldGen       total 145408K, used 73344K [0x0000000740000000, 0x0000000748e00000, 0x0000000795580000)
  object space 145408K, 50% used [0x0000000740000000,0x00000007447a03a0,0x0000000748e00000)
 Metaspace       used 15889K, capacity 16592K, committed 16768K, reserved 1062912K
  class space    used 2178K, capacity 2389K, committed 2432K, reserved 1048576K
}
Event: 5.381 GC heap before
{Heap before GC invocations=8 (full 1):
 PSYoungGen      total 153600K, used 115296K [0x0000000795580000, 0x00000007a1700000, 0x00000007c0000000)
  eden space 115200K, 100% used [0x0000000795580000,0x000000079c600000,0x000000079c600000)
  from space 38400K, 0% used [0x000000079f180000,0x000000079f198000,0x00000007a1700000)
  to   space 41472K, 0% used [0x000000079c600000,0x000000079c600000,0x000000079ee80000)
 ParOldGen       total 145408K, used 73344K [0x0000000740000000, 0x0000000748e00000, 0x0000000795580000)
  object space 145408K, 50% used [0x0000000740000000,0x00000007447a03a0,0x0000000748e00000)
 Metaspace       used 15891K, capacity 16592K, committed 16768K, reserved 1062912K
  class space    used 2178K, capacity 2389K, committed 2432K, reserved 1048576K
Event: 5.382 GC heap after
Heap after GC invocations=8 (full 1):
 PSYoungGen      total 156672K, used 64K [0x0000000795580000, 0x00000007a6080000, 0x00000007c0000000)
  eden space 115200K, 0% used [0x0000000795580000,0x0000000795580000,0x000000079c600000)
  from space 41472K, 0% used [0x000000079c600000,0x000000079c610000,0x000000079ee80000)
  to   space 40448K, 0% used [0x00000007a3900000,0x00000007a3900000,0x00000007a6080000)
 ParOldGen       total 145408K, used 73344K [0x0000000740000000, 0x0000000748e00000, 0x0000000795580000)
  object space 145408K, 50% used [0x0000000740000000,0x00000007447a03a0,0x0000000748e00000)
 Metaspace       used 15891K, capacity 16592K, committed 16768K, reserved 1062912K
  class space    used 2178K, capacity 2389K, committed 2432K, reserved 1048576K
}
Event: 5.552 GC heap before
{Heap before GC invocations=9 (full 1):
 PSYoungGen      total 156672K, used 115264K [0x0000000795580000, 0x00000007a6080000, 0x00000007c0000000)
  eden space 115200K, 100% used [0x0000000795580000,0x000000079c600000,0x000000079c600000)
  from space 41472K, 0% used [0x000000079c600000,0x000000079c610000,0x000000079ee80000)
  to   space 40448K, 0% used [0x00000007a3900000,0x00000007a3900000,0x00000007a6080000)
 ParOldGen       total 145408K, used 73344K [0x0000000740000000, 0x0000000748e00000, 0x0000000795580000)
  object space 145408K, 50% used [0x0000000740000000,0x00000007447a03a0,0x0000000748e00000)
 Metaspace       used 15891K, capacity 16592K, committed 16768K, reserved 1062912K
  class space    used 2178K, capacity 2389K, committed 2432K, reserved 1048576K
Event: 5.563 GC heap after
Heap after GC invocations=9 (full 1):
 PSYoungGen      total 234496K, used 96K [0x0000000795580000, 0x00000007a6400000, 0x00000007c0000000)
  eden space 194048K, 0% used [0x0000000795580000,0x0000000795580000,0x00000007a1300000)
  from space 40448K, 0% used [0x00000007a3900000,0x00000007a3918000,0x00000007a6080000)
  to   space 38912K, 0% used [0x00000007a1300000,0x00000007a1300000,0x00000007a3900000)
 ParOldGen       total 145408K, used 73344K [0x0000000740000000, 0x0000000748e00000, 0x0000000795580000)
  object space 145408K, 50% used [0x0000000740000000,0x00000007447a03a0,0x0000000748e00000)
 Metaspace       used 15891K, capacity 16592K, committed 16768K, reserved 1062912K
  class space    used 2178K, capacity 2389K, committed 2432K, reserved 1048576K
}
Event: 5.843 GC heap before
{Heap before GC invocations=10 (full 1):
 PSYoungGen      total 234496K, used 194144K [0x0000000795580000, 0x00000007a6400000, 0x00000007c0000000)
  eden space 194048K, 100% used [0x0000000795580000,0x00000007a1300000,0x00000007a1300000)
  from space 40448K, 0% used [0x00000007a3900000,0x00000007a3918000,0x00000007a6080000)
  to   space 38912K, 0% used [0x00000007a1300000,0x00000007a1300000,0x00000007a3900000)
 ParOldGen       total 145408K, used 73344K [0x0000000740000000, 0x0000000748e00000, 0x0000000795580000)
  object space 145408K, 50% used [0x0000000740000000,0x00000007447a03a0,0x0000000748e00000)
 Metaspace       used 15891K, capacity 16592K, committed 16768K, reserved 1062912K
  class space    used 2178K, capacity 2389K, committed 2432K, reserved 1048576K
Event: 5.861 GC heap after
Heap after GC invocations=10 (full 1):
 PSYoungGen      total 232960K, used 32K [0x0000000795580000, 0x00000007ab400000, 0x00000007c0000000)
  eden space 194048K, 0% used [0x0000000795580000,0x0000000795580000,0x00000007a1300000)
  from space 38912K, 0% used [0x00000007a1300000,0x00000007a1308000,0x00000007a3900000)
  to   space 37888K, 0% used [0x00000007a8f00000,0x00000007a8f00000,0x00000007ab400000)
 ParOldGen       total 145408K, used 73352K [0x0000000740000000, 0x0000000748e00000, 0x0000000795580000)
  object space 145408K, 50% used [0x0000000740000000,0x00000007447a23a0,0x0000000748e00000)
 Metaspace       used 15891K, capacity 16592K, committed 16768K, reserved 1062912K
  class space    used 2178K, capacity 2389K, committed 2432K, reserved 1048576K
}

Deoptimization events (10 events):
Event: 2.114 Thread 0x00007fba89914800 Uncommon trap: reason=class_check action=maybe_recompile pc=0x000000011e9a9d50 method=java.lang.String.equals(Ljava/lang/Object;)Z @ 8
Event: 2.114 Thread 0x00007fba89914800 Uncommon trap: reason=class_check action=maybe_recompile pc=0x000000011e9a9d50 method=java.lang.String.equals(Ljava/lang/Object;)Z @ 8
Event: 2.116 Thread 0x00007fba89914800 Uncommon trap: reason=class_check action=maybe_recompile pc=0x000000011e9a9d50 method=java.lang.String.equals(Ljava/lang/Object;)Z @ 8
Event: 2.374 Thread 0x00007fba89914800 Uncommon trap: reason=unstable_if action=reinterpret pc=0x000000011eae6920 method=java.lang.CharacterData.of(I)Ljava/lang/CharacterData; @ 4
Event: 2.480 Thread 0x00007fba89914800 Uncommon trap: reason=unstable_if action=reinterpret pc=0x000000011ebdb85c method=java.util.HashMap.putVal(ILjava/lang/Object;Ljava/lang/Object;ZZ)Ljava/lang/Object; @ 193
Event: 2.642 Thread 0x00007fba89914800 Uncommon trap: reason=unstable_if action=reinterpret pc=0x000000011ec1b1a0 method=com.sun.javafx.iio.common.SmoothMinifier.putSourceScanline([BI)Z @ 419
Event: 2.829 Thread 0x00007fba8908b000 Uncommon trap: reason=unstable_if action=reinterpret pc=0x000000011eb438d4 method=sun.net.www.ParseUtil.encodePath(Ljava/lang/String;Z)Ljava/lang/String; @ 109
Event: 3.749 Thread 0x00007fba89914800 Uncommon trap: reason=unstable_if action=reinterpret pc=0x000000011ebe33e4 method=jdk.internal.org.objectweb.asm.Type.getArgumentsAndReturnSizes(Ljava/lang/String;)I @ 47
Event: 3.875 Thread 0x00007fba89914800 Uncommon trap: reason=unstable_if action=reinterpret pc=0x000000011ebaa2d0 method=com.sun.javafx.image.impl.ByteBgra$ToByteBgraPreConv.doConvert([BII[BIIII)V @ 31
Event: 3.877 Thread 0x00007fba89914800 Uncommon trap: reason=unstable_if action=reinterpret pc=0x000000011ebb1944 method=com.sun.javafx.image.impl.BaseByteToByteConverter$FourByteReorderer.doConvert([BII[BIIII)V @ 31

Classes redefined (0 events):
No events

Internal exceptions (10 events):
Event: 4.156 Thread 0x00007fba89914800 Exception <a 'java/io/FileNotFoundException'> (0x00000007969c7148) thrown at [/Users/java_re/workspace/8-2-build-macosx-x86_64/jdk8u202/12323/hotspot/src/share/vm/prims/jni.cpp, line 710]
Event: 4.223 Thread 0x00007fba89914800 Exception <a 'java/io/FileNotFoundException'> (0x00000007969ef2d8) thrown at [/Users/java_re/workspace/8-2-build-macosx-x86_64/jdk8u202/12323/hotspot/src/share/vm/prims/jni.cpp, line 710]
Event: 4.242 Thread 0x00007fba89914800 Exception <a 'java/io/FileNotFoundException'> (0x00000007969f8f28) thrown at [/Users/java_re/workspace/8-2-build-macosx-x86_64/jdk8u202/12323/hotspot/src/share/vm/prims/jni.cpp, line 710]
Event: 4.262 Thread 0x00007fba89914800 Exception <a 'java/io/FileNotFoundException'> (0x0000000796a050a0) thrown at [/Users/java_re/workspace/8-2-build-macosx-x86_64/jdk8u202/12323/hotspot/src/share/vm/prims/jni.cpp, line 710]
Event: 4.383 Thread 0x00007fba89914800 Exception <a 'java/io/FileNotFoundException'> (0x0000000795f8a350) thrown at [/Users/java_re/workspace/8-2-build-macosx-x86_64/jdk8u202/12323/hotspot/src/share/vm/prims/jni.cpp, line 710]
Event: 4.395 Thread 0x00007fba89914800 Exception <a 'java/io/FileNotFoundException'> (0x0000000795feb1a0) thrown at [/Users/java_re/workspace/8-2-build-macosx-x86_64/jdk8u202/12323/hotspot/src/share/vm/prims/jni.cpp, line 710]
Event: 4.526 Thread 0x00007fba89914800 Exception <a 'java/io/FileNotFoundException'> (0x0000000796aafa08) thrown at [/Users/java_re/workspace/8-2-build-macosx-x86_64/jdk8u202/12323/hotspot/src/share/vm/prims/jni.cpp, line 710]
Event: 6.085 Thread 0x00007fba89914800 Exception <a 'java/io/FileNotFoundException'> (0x000000079f01dfa8) thrown at [/Users/java_re/workspace/8-2-build-macosx-x86_64/jdk8u202/12323/hotspot/src/share/vm/prims/jni.cpp, line 710]
Event: 7.298 Thread 0x00007fba89914800 Exception <a 'java/io/FileNotFoundException'> (0x000000079f25aca8) thrown at [/Users/java_re/workspace/8-2-build-macosx-x86_64/jdk8u202/12323/hotspot/src/share/vm/prims/jni.cpp, line 710]
Event: 7.316 Thread 0x00007fba89914800 Exception <a 'java/io/FileNotFoundException'> (0x000000079f264a78) thrown at [/Users/java_re/workspace/8-2-build-macosx-x86_64/jdk8u202/12323/hotspot/src/share/vm/prims/jni.cpp, line 710]

Events (10 events):
Event: 5.381 Executing VM operation: ParallelGCFailedAllocation
Event: 5.382 Executing VM operation: ParallelGCFailedAllocation done
Event: 5.552 Executing VM operation: ParallelGCFailedAllocation
Event: 5.564 Executing VM operation: ParallelGCFailedAllocation done
Event: 5.843 Executing VM operation: ParallelGCFailedAllocation
Event: 5.861 Executing VM operation: ParallelGCFailedAllocation done
Event: 6.610 loading class com/sun/javafx/scene/control/skin/LabelSkin
Event: 6.610 loading class com/sun/javafx/scene/control/skin/LabelSkin done
Event: 6.686 Executing VM operation: RevokeBias
Event: 6.687 Executing VM operation: RevokeBias done


Dynamic libraries:
0x00007ff82d918000 	/System/Library/Frameworks/Cocoa.framework/Versions/A/Cocoa
0x00007ff81956c000 	/System/Library/Frameworks/AppKit.framework/Versions/C/AppKit
0x00007ff81ca83000 	/System/Library/Frameworks/CoreData.framework/Versions/A/CoreData
0x00007ff81796f000 	/System/Library/Frameworks/Foundation.framework/Versions/C/Foundation
0x00007ff8218a6000 	/usr/lib/libSystem.B.dylib
0x00007ff81a3fc000 	/System/Library/PrivateFrameworks/UIFoundation.framework/Versions/A/UIFoundation
0x00007ff827819000 	/System/Library/PrivateFrameworks/RemoteViewServices.framework/Versions/A/RemoteViewServices
0x00007ff81fafa000 	/System/Library/PrivateFrameworks/XCTTargetBootstrap.framework/Versions/A/XCTTargetBootstrap
0x00007ff8236af000 	/System/Library/PrivateFrameworks/InternationalSupport.framework/Versions/A/InternationalSupport
0x00007ff823739000 	/System/Library/PrivateFrameworks/UserActivity.framework/Versions/A/UserActivity
0x00007ff822a8d000 	/usr/lib/libspindump.dylib
0x00007ff81a68b000 	/System/Library/Frameworks/UniformTypeIdentifiers.framework/Versions/A/UniformTypeIdentifiers
0x00007ff81e21e000 	/usr/lib/libapp_launch_measurement.dylib
0x00007ff81d455000 	/System/Library/PrivateFrameworks/CoreAnalytics.framework/Versions/A/CoreAnalytics
0x00007ff81e221000 	/System/Library/PrivateFrameworks/CoreAutoLayout.framework/Versions/A/CoreAutoLayout
0x00007ff81f451000 	/System/Library/Frameworks/Metal.framework/Versions/A/Metal
0x00007ff820180000 	/usr/lib/liblangid.dylib
0x00007ff81faff000 	/System/Library/PrivateFrameworks/CoreSVG.framework/Versions/A/CoreSVG
0x00007ff81ba77000 	/System/Library/PrivateFrameworks/SkyLight.framework/Versions/A/SkyLight
0x00007ff81be16000 	/System/Library/Frameworks/CoreGraphics.framework/Versions/A/CoreGraphics
0x00007ff827ed9000 	/System/Library/Frameworks/Accelerate.framework/Versions/A/Accelerate
0x00007ff82250c000 	/System/Library/PrivateFrameworks/IconServices.framework/Versions/A/IconServices
0x00007ff81f436000 	/System/Library/Frameworks/IOSurface.framework/Versions/A/IOSurface
0x00007ff81d483000 	/usr/lib/libDiagnosticMessagesClient.dylib
0x00007ff8217c6000 	/usr/lib/libz.1.dylib
0x00007ff82b5bc000 	/System/Library/Frameworks/ApplicationServices.framework/Versions/A/ApplicationServices
0x00007ff81fae6000 	/System/Library/PrivateFrameworks/DFRFoundation.framework/Versions/A/DFRFoundation
0x00007ff818e54000 	/usr/lib/libicucore.A.dylib
0x00007ff8244a5000 	/System/Library/Frameworks/AudioToolbox.framework/Versions/A/AudioToolbox
0x00007ff8236bb000 	/System/Library/PrivateFrameworks/DataDetectorsCore.framework/Versions/A/DataDetectorsCore
0x00007ff91fbb6000 	/System/Library/PrivateFrameworks/TextInput.framework/Versions/A/TextInput
0x00007ff81b9fa000 	/usr/lib/libMobileGestalt.dylib
0x00007ff81f7f2000 	/System/Library/Frameworks/Carbon.framework/Versions/A/Frameworks/HIToolbox.framework/Versions/A/HIToolbox
0x00007ff81dc20000 	/System/Library/Frameworks/QuartzCore.framework/Versions/A/QuartzCore
0x00007ff818af9000 	/System/Library/Frameworks/Security.framework/Versions/A/Security
0x00007ff827851000 	/System/Library/Frameworks/Carbon.framework/Versions/A/Frameworks/SpeechRecognition.framework/Versions/A/SpeechRecognition
0x00007ff81df7e000 	/System/Library/PrivateFrameworks/CoreUI.framework/Versions/A/CoreUI
0x00007ff8183c3000 	/System/Library/Frameworks/CoreAudio.framework/Versions/A/CoreAudio
0x00007ff81d572000 	/System/Library/Frameworks/DiskArbitration.framework/Versions/A/DiskArbitration
0x00007ff822e7b000 	/System/Library/PrivateFrameworks/MultitouchSupport.framework/Versions/A/MultitouchSupport
0x00007ff81b9f9000 	/usr/lib/libenergytrace.dylib
0x00007ff819458000 	/System/Library/Frameworks/IOKit.framework/Versions/A/IOKit
0x00007ff827c41000 	/System/Library/Frameworks/CoreServices.framework/Versions/A/CoreServices
0x00007ff81e1b8000 	/System/Library/PrivateFrameworks/PerformanceAnalysis.framework/Versions/A/PerformanceAnalysis
0x00007ffa2f898000 	/System/Library/Frameworks/OpenGL.framework/Versions/A/OpenGL
0x00007ff820de2000 	/System/Library/PrivateFrameworks/MobileKeyBag.framework/Versions/A/MobileKeyBag
0x00007ff816939000 	/usr/lib/libobjc.A.dylib
0x00007ff81c4e2000 	/System/Library/Frameworks/ColorSync.framework/Versions/A/ColorSync
0x00007ff816af3000 	/System/Library/Frameworks/CoreFoundation.framework/Versions/A/CoreFoundation
0x00007ff81fd76000 	/System/Library/Frameworks/CoreImage.framework/Versions/A/CoreImage
0x00007ff8181d7000 	/System/Library/Frameworks/CoreText.framework/Versions/A/CoreText
0x00007ff81fb2f000 	/System/Library/Frameworks/ImageIO.framework/Versions/A/ImageIO
0x00007ff8218ac000 	/System/Library/PrivateFrameworks/SoftLinking.framework/Versions/A/SoftLinking
0x00007ff81e269000 	/usr/lib/libxml2.2.dylib
0x00007ff8169ff000 	/usr/lib/libc++.1.dylib
0x00007ff821b30000 	/usr/lib/libcompression.dylib
0x00007ff8235e2000 	/System/Library/PrivateFrameworks/TextureIO.framework/Versions/A/TextureIO
0x00007ff82221e000 	/usr/lib/libate.dylib
0x00007ff8218a1000 	/usr/lib/system/libcache.dylib
0x00007ff82185d000 	/usr/lib/system/libcommonCrypto.dylib
0x00007ff821886000 	/usr/lib/system/libcompiler_rt.dylib
0x00007ff82187c000 	/usr/lib/system/libcopyfile.dylib
0x00007ff816834000 	/usr/lib/system/libcorecrypto.dylib
0x00007ff8168f2000 	/usr/lib/system/libdispatch.dylib
0x00007ff816ab2000 	/usr/lib/system/libdyld.dylib
0x00007ff821898000 	/usr/lib/system/libkeymgr.dylib
0x00007ff82183b000 	/usr/lib/system/libmacho.dylib
0x00007ff820ebc000 	/usr/lib/system/libquarantine.dylib
0x00007ff821896000 	/usr/lib/system/libremovefile.dylib
0x00007ff81ba47000 	/usr/lib/system/libsystem_asl.dylib
0x00007ff8167dd000 	/usr/lib/system/libsystem_blocks.dylib
0x00007ff816976000 	/usr/lib/system/libsystem_c.dylib
0x00007ff82188e000 	/usr/lib/system/libsystem_collections.dylib
0x00007ff820170000 	/usr/lib/system/libsystem_configuration.dylib
0x00007ff81f419000 	/usr/lib/system/libsystem_containermanager.dylib
0x00007ff821573000 	/usr/lib/system/libsystem_coreservices.dylib
0x00007ff8190e8000 	/usr/lib/system/libsystem_darwin.dylib
0x00007ff821899000 	/usr/lib/system/libsystem_dnssd.dylib
0x00007ff816973000 	/usr/lib/system/libsystem_featureflags.dylib
0x00007ff816ac8000 	/usr/lib/system/libsystem_info.dylib
0x00007ff8217d9000 	/usr/lib/system/libsystem_m.dylib
0x00007ff8168c6000 	/usr/lib/system/libsystem_malloc.dylib
0x00007ff81b9e2000 	/usr/lib/system/libsystem_networkextension.dylib
0x00007ff81950e000 	/usr/lib/system/libsystem_notify.dylib
0x00007ff827b16000 	/usr/lib/system/libsystem_product_info_filter.dylib
0x00007ff820174000 	/usr/lib/system/libsystem_sandbox.dylib
0x00007ff821893000 	/usr/lib/system/libsystem_secinit.dylib
0x00007ff816a6e000 	/usr/lib/system/libsystem_kernel.dylib
0x00007ff816abe000 	/usr/lib/system/libsystem_platform.dylib
0x00007ff816aa6000 	/usr/lib/system/libsystem_pthread.dylib
0x00007ff81d295000 	/usr/lib/system/libsystem_symptoms.dylib
0x00007ff81681b000 	/usr/lib/system/libsystem_trace.dylib
0x00007ff821869000 	/usr/lib/system/libunwind.dylib
0x00007ff8167df000 	/usr/lib/system/libxpc.dylib
0x00007ff816a58000 	/usr/lib/libc++abi.dylib
0x00007ff821874000 	/usr/lib/liboah.dylib
0x00007ff821ffa000 	/usr/lib/liblzma.5.dylib
0x00007ff817681000 	/System/Library/Frameworks/SystemConfiguration.framework/Versions/A/SystemConfiguration
0x00007ff8218a8000 	/usr/lib/libfakelink.dylib
0x00007ff81b552000 	/System/Library/Frameworks/CFNetwork.framework/Versions/A/CFNetwork
0x00007ff8219e9000 	/usr/lib/libarchive.2.dylib
0x00007ff82017c000 	/System/Library/PrivateFrameworks/AppleSystemInfo.framework/Versions/A/AppleSystemInfo
0x00007ff820ee3000 	/usr/lib/libbsm.0.dylib
0x00007ff81ab61000 	/usr/lib/libnetwork.dylib
0x00007ff821841000 	/usr/lib/system/libkxld.dylib
0x00007ff820b16000 	/System/Library/PrivateFrameworks/IOMobileFramebuffer.framework/Versions/A/IOMobileFramebuffer
0x00007ffb2f267000 	/usr/lib/libCoreEntitlements.dylib
0x00007ff821555000 	/System/Library/PrivateFrameworks/AppleFSCompression.framework/Versions/A/AppleFSCompression
0x00007ff820ecb000 	/usr/lib/libcoretls.dylib
0x00007ff822014000 	/usr/lib/libcoretls_cfhelpers.dylib
0x00007ff821b2b000 	/usr/lib/libpam.2.dylib
0x00007ff81ceb4000 	/usr/lib/libsqlite3.dylib
0x00007ff822083000 	/usr/lib/libxar.1.dylib
0x00007ff821565000 	/usr/lib/libbz2.1.0.dylib
0x00007ff8218ad000 	/usr/lib/libpcap.A.dylib
0x00007ff81d28d000 	/usr/lib/libdns_services.dylib
0x00007ff821afb000 	/usr/lib/libapple_nghttp2.dylib
0x00007ff8218e7000 	/usr/lib/libiconv.2.dylib
0x00007ff82183a000 	/usr/lib/libcharset.1.dylib
0x00007ff81e1ec000 	/System/Library/Frameworks/CoreServices.framework/Versions/A/Frameworks/FSEvents.framework/Versions/A/FSEvents
0x00007ff8190f2000 	/System/Library/Frameworks/CoreServices.framework/Versions/A/Frameworks/CarbonCore.framework/Versions/A/CarbonCore
0x00007ff81d4d6000 	/System/Library/Frameworks/CoreServices.framework/Versions/A/Frameworks/Metadata.framework/Versions/A/Metadata
0x00007ff821578000 	/System/Library/Frameworks/CoreServices.framework/Versions/A/Frameworks/OSServices.framework/Versions/A/OSServices
0x00007ff821a70000 	/System/Library/Frameworks/CoreServices.framework/Versions/A/Frameworks/SearchKit.framework/Versions/A/SearchKit
0x00007ff81d21f000 	/System/Library/Frameworks/CoreServices.framework/Versions/A/Frameworks/AE.framework/Versions/A/AE
0x00007ff816ff6000 	/System/Library/Frameworks/CoreServices.framework/Versions/A/Frameworks/LaunchServices.framework/Versions/A/LaunchServices
0x00007ff821fab000 	/System/Library/Frameworks/CoreServices.framework/Versions/A/Frameworks/DictionaryServices.framework/Versions/A/DictionaryServices
0x00007ff81e1f9000 	/System/Library/Frameworks/CoreServices.framework/Versions/A/Frameworks/SharedFileList.framework/Versions/A/SharedFileList
0x00007ff820ebf000 	/usr/lib/libCheckFix.dylib
0x00007ff81ba5e000 	/System/Library/PrivateFrameworks/TCC.framework/Versions/A/TCC
0x00007ff820182000 	/System/Library/PrivateFrameworks/CoreNLP.framework/Versions/A/CoreNLP
0x00007ff81d486000 	/System/Library/PrivateFrameworks/MetadataUtilities.framework/Versions/A/MetadataUtilities
0x00007ff817732000 	/usr/lib/libmecabra.dylib
0x00007ff820ef3000 	/usr/lib/libmecab.dylib
0x00007ff8176fd000 	/usr/lib/libCRFSuite.dylib
0x00007ff820f4d000 	/usr/lib/libgermantok.dylib
0x00007ff821ad6000 	/usr/lib/libThaiTokenizer.dylib
0x00007ff81d579000 	/System/Library/Frameworks/Accelerate.framework/Versions/A/Frameworks/vImage.framework/Versions/A/vImage
0x00007ff827c18000 	/System/Library/Frameworks/Accelerate.framework/Versions/A/Frameworks/vecLib.framework/Versions/A/vecLib
0x00007ff8220c4000 	/System/Library/Frameworks/Accelerate.framework/Versions/A/Frameworks/vecLib.framework/Versions/A/libvMisc.dylib
0x00007ff820941000 	/System/Library/Frameworks/Accelerate.framework/Versions/A/Frameworks/vecLib.framework/Versions/A/libvDSP.dylib
0x00007ff817371000 	/System/Library/Frameworks/Accelerate.framework/Versions/A/Frameworks/vecLib.framework/Versions/A/libBLAS.dylib
0x00007ff821c0d000 	/System/Library/Frameworks/Accelerate.framework/Versions/A/Frameworks/vecLib.framework/Versions/A/libLAPACK.dylib
0x00007ff820f50000 	/System/Library/Frameworks/Accelerate.framework/Versions/A/Frameworks/vecLib.framework/Versions/A/libLinearAlgebra.dylib
0x00007ff821b13000 	/System/Library/Frameworks/Accelerate.framework/Versions/A/Frameworks/vecLib.framework/Versions/A/libSparseBLAS.dylib
0x00007ff821c07000 	/System/Library/Frameworks/Accelerate.framework/Versions/A/Frameworks/vecLib.framework/Versions/A/libQuadrature.dylib
0x00007ff82026d000 	/System/Library/Frameworks/Accelerate.framework/Versions/A/Frameworks/vecLib.framework/Versions/A/libBNNS.dylib
0x00007ff81760b000 	/System/Library/Frameworks/Accelerate.framework/Versions/A/Frameworks/vecLib.framework/Versions/A/libSparse.dylib
0x00007ff820266000 	/System/Library/PrivateFrameworks/LinguisticData.framework/Versions/A/LinguisticData
0x00007ff8175c1000 	/System/Library/PrivateFrameworks/Lexicon.framework/Versions/A/Lexicon
0x00007ff8220bd000 	/usr/lib/libChineseTokenizer.dylib
0x00007ff817d2c000 	/System/Library/PrivateFrameworks/LanguageModeling.framework/Versions/A/LanguageModeling
0x00007ff821ad8000 	/System/Library/PrivateFrameworks/AppleSauce.framework/Versions/A/AppleSauce
0x00007ff820b04000 	/System/Library/PrivateFrameworks/CoreEmoji.framework/Versions/A/CoreEmoji
0x00007ff8219d8000 	/usr/lib/libcmph.dylib
0x00007ff81e1d0000 	/System/Library/Frameworks/OpenDirectory.framework/Versions/A/Frameworks/CFOpenDirectory.framework/Versions/A/CFOpenDirectory
0x00007ff81e1c4000 	/System/Library/Frameworks/OpenDirectory.framework/Versions/A/OpenDirectory
0x00007ff822016000 	/System/Library/PrivateFrameworks/APFS.framework/Versions/A/APFS
0x00007ff820e1a000 	/System/Library/Frameworks/SecurityFoundation.framework/Versions/A/SecurityFoundation
0x00007ff822091000 	/usr/lib/libutil.dylib
0x00007ff81941c000 	/System/Library/PrivateFrameworks/CoreServicesStore.framework/Versions/A/CoreServicesStore
0x00007ff822095000 	/usr/lib/libxslt.1.dylib
0x00007ff820ea7000 	/System/Library/PrivateFrameworks/BackgroundTaskManagement.framework/Versions/A/BackgroundTaskManagement
0x00007ff823502000 	/System/Library/Frameworks/ImageIO.framework/Versions/A/Resources/libRadiance.dylib
0x00007ff82350b000 	/System/Library/Frameworks/ImageIO.framework/Versions/A/Resources/libJPEG.dylib
0x00007ff82345a000 	/System/Library/Frameworks/ImageIO.framework/Versions/A/Resources/libPng.dylib
0x00007ff82347b000 	/System/Library/Frameworks/ImageIO.framework/Versions/A/Resources/libTIFF.dylib
0x00007ff82356b000 	/System/Library/Frameworks/ImageIO.framework/Versions/A/Resources/libGIF.dylib
0x00007ff822d95000 	/System/Library/Frameworks/ImageIO.framework/Versions/A/Resources/libJP2.dylib
0x00007ff8224d3000 	/usr/lib/libexpat.1.dylib
0x00007ff822d4a000 	/System/Library/PrivateFrameworks/AppleJPEG.framework/Versions/A/AppleJPEG
0x00007ff81f6b6000 	/System/Library/PrivateFrameworks/FontServices.framework/libFontParser.dylib
0x00007ff81d1c9000 	/System/Library/PrivateFrameworks/RunningBoardServices.framework/Versions/A/RunningBoardServices
0x00007ff82ded3000 	/System/Library/PrivateFrameworks/IOSurfaceAccelerator.framework/Versions/A/IOSurfaceAccelerator
0x00007ff822e77000 	/System/Library/PrivateFrameworks/WatchdogClient.framework/Versions/A/WatchdogClient
0x00007ff817e1a000 	/System/Library/Frameworks/CoreDisplay.framework/Versions/A/CoreDisplay
0x00007ff81f5b4000 	/System/Library/Frameworks/CoreMedia.framework/Versions/A/CoreMedia
0x00007ff81f448000 	/System/Library/PrivateFrameworks/IOAccelerator.framework/Versions/A/IOAccelerator
0x00007ff81e34d000 	/System/Library/Frameworks/CoreVideo.framework/Versions/A/CoreVideo
0x00007ff821b29000 	/System/Library/Frameworks/MetalPerformanceShaders.framework/Versions/A/MetalPerformanceShaders
0x00007ff822eb4000 	/System/Library/Frameworks/VideoToolbox.framework/Versions/A/VideoToolbox
0x00007ff81d113000 	/System/Library/PrivateFrameworks/BaseBoard.framework/Versions/A/BaseBoard
0x00007ff81ce9a000 	/System/Library/PrivateFrameworks/ProtocolBuffer.framework/Versions/A/ProtocolBuffer
0x00007ff8234fb000 	/System/Library/PrivateFrameworks/GPUWrangler.framework/Versions/A/GPUWrangler
0x00007ff8234df000 	/System/Library/PrivateFrameworks/IOPresentment.framework/Versions/A/IOPresentment
0x00007ff823505000 	/System/Library/PrivateFrameworks/DSExternalDisplay.framework/Versions/A/DSExternalDisplay
0x00007ffa2f88c000 	/System/Library/Frameworks/OpenGL.framework/Versions/A/Libraries/libCoreFSCache.dylib
0x00007ffb1c963000 	/System/Library/PrivateFrameworks/GPUCompiler.framework/Versions/31001/Libraries/libGPUCompilerUtils.dylib
0x00007ff823570000 	/System/Library/PrivateFrameworks/CMCaptureCore.framework/Versions/A/CMCaptureCore
0x00007ff822a7b000 	/System/Library/PrivateFrameworks/AppServerSupport.framework/Versions/A/AppServerSupport
0x00007ff824d3e000 	/System/Library/PrivateFrameworks/perfdata.framework/Versions/A/perfdata
0x00007ff817f46000 	/System/Library/PrivateFrameworks/AudioToolboxCore.framework/Versions/A/AudioToolboxCore
0x00007ff81f592000 	/System/Library/PrivateFrameworks/caulk.framework/Versions/A/caulk
0x00007ff824650000 	/usr/lib/libAudioStatistics.dylib
0x00007ff91c344000 	/System/Library/PrivateFrameworks/SystemPolicy.framework/Versions/A/SystemPolicy
0x00007ff8248ab000 	/usr/lib/libSMC.dylib
0x00007ff82d7cb000 	/System/Library/Frameworks/CoreMIDI.framework/Versions/A/CoreMIDI
0x00007ff823429000 	/usr/lib/libAudioToolboxUtility.dylib
0x00007ff918570000 	/System/Library/PrivateFrameworks/OSAServicesClient.framework/Versions/A/OSAServicesClient
0x00007ff824d4b000 	/usr/lib/libperfcheck.dylib
0x00007ff91cdf1000 	/usr/lib/libmis.dylib
0x00007ffa2f8e7000 	/System/Library/Frameworks/OpenGL.framework/Versions/A/Libraries/libGLU.dylib
0x00007ffa2f8ab000 	/System/Library/Frameworks/OpenGL.framework/Versions/A/Libraries/libGFXShared.dylib
0x00007ffa2fab4000 	/System/Library/Frameworks/OpenGL.framework/Versions/A/Libraries/libGL.dylib
0x00007ffa2f8b4000 	/System/Library/Frameworks/OpenGL.framework/Versions/A/Libraries/libGLImage.dylib
0x00007ffa2f8a8000 	/System/Library/Frameworks/OpenGL.framework/Versions/A/Libraries/libCVMSPluginSupport.dylib
0x00007ffa2f893000 	/System/Library/Frameworks/OpenGL.framework/Versions/A/Libraries/libCoreVMClient.dylib
0x00007ff8200fe000 	/System/Library/Frameworks/MetalPerformanceShaders.framework/Versions/A/Frameworks/MPSCore.framework/Versions/A/MPSCore
0x00007ff8214c0000 	/System/Library/Frameworks/MetalPerformanceShaders.framework/Versions/A/Frameworks/MPSImage.framework/Versions/A/MPSImage
0x00007ff820f66000 	/System/Library/Frameworks/MetalPerformanceShaders.framework/Versions/A/Frameworks/MPSNeuralNetwork.framework/Versions/A/MPSNeuralNetwork
0x00007ff8213da000 	/System/Library/Frameworks/MetalPerformanceShaders.framework/Versions/A/Frameworks/MPSMatrix.framework/Versions/A/MPSMatrix
0x00007ff821195000 	/System/Library/Frameworks/MetalPerformanceShaders.framework/Versions/A/Frameworks/MPSRayIntersector.framework/Versions/A/MPSRayIntersector
0x00007ff821412000 	/System/Library/Frameworks/MetalPerformanceShaders.framework/Versions/A/Frameworks/MPSNDArray.framework/Versions/A/MPSNDArray
0x00007ffa3536c000 	/System/Library/Frameworks/MetalPerformanceShaders.framework/Versions/A/Frameworks/MPSFunctions.framework/Versions/A/MPSFunctions
0x00007ff81724d000 	/System/Library/PrivateFrameworks/MetalTools.framework/Versions/A/MetalTools
0x00007ff82017a000 	/System/Library/PrivateFrameworks/AggregateDictionary.framework/Versions/A/AggregateDictionary
0x00007ff8222b5000 	/usr/lib/libIOReport.dylib
0x00007ffa30ec3000 	/System/Library/Frameworks/OpenCL.framework/Versions/A/OpenCL
0x00007ff822619000 	/System/Library/PrivateFrameworks/FaceCore.framework/Versions/A/FaceCore
0x00007ff82260a000 	/System/Library/PrivateFrameworks/GraphVisualizer.framework/Versions/A/GraphVisualizer
0x00007ffb1c86e000 	/System/Library/PrivateFrameworks/FontServices.framework/Versions/A/FontServices
0x00007ff822a33000 	/System/Library/PrivateFrameworks/OTSVG.framework/Versions/A/OTSVG
0x00007ff81df33000 	/System/Library/Frameworks/ApplicationServices.framework/Versions/A/Frameworks/ATS.framework/Versions/A/Resources/libFontRegistry.dylib
0x00007ff822a83000 	/System/Library/PrivateFrameworks/FontServices.framework/libhvf.dylib
0x00007ffb1c86f000 	/System/Library/PrivateFrameworks/FontServices.framework/libXTFontStaticRegistryData.dylib
0x00007ff822483000 	/System/Library/PrivateFrameworks/AppleVA.framework/Versions/A/AppleVA
0x00007ff824670000 	/System/Library/Frameworks/ApplicationServices.framework/Versions/A/Frameworks/ATS.framework/Versions/A/ATS
0x00007ff81c5e0000 	/System/Library/Frameworks/ApplicationServices.framework/Versions/A/Frameworks/HIServices.framework/Versions/A/HIServices
0x00007ff82357a000 	/System/Library/Frameworks/ApplicationServices.framework/Versions/A/Frameworks/PrintCore.framework/Versions/A/PrintCore
0x00007ff8249fe000 	/System/Library/Frameworks/ApplicationServices.framework/Versions/A/Frameworks/QD.framework/Versions/A/QD
0x00007ff8249f6000 	/System/Library/Frameworks/ApplicationServices.framework/Versions/A/Frameworks/ColorSyncLegacy.framework/Versions/A/ColorSyncLegacy
0x00007ff824660000 	/System/Library/Frameworks/ApplicationServices.framework/Versions/A/Frameworks/SpeechSynthesis.framework/Versions/A/SpeechSynthesis
0x00007ff82353b000 	/System/Library/Frameworks/ApplicationServices.framework/Versions/A/Frameworks/ATSUI.framework/Versions/A/ATSUI
0x00007ff82498b000 	/usr/lib/libcups.2.dylib
0x00007ff824d5a000 	/System/Library/Frameworks/Kerberos.framework/Versions/A/Kerberos
0x00007ff824d69000 	/System/Library/Frameworks/GSS.framework/Versions/A/GSS
0x00007ff8246dc000 	/usr/lib/libresolv.9.dylib
0x00007ff822a92000 	/System/Library/PrivateFrameworks/Heimdal.framework/Versions/A/Heimdal
0x00007ff82b94e000 	/System/Library/Frameworks/Kerberos.framework/Versions/A/Libraries/libHeimdalProxy.dylib
0x00007ff81d29d000 	/System/Library/Frameworks/Network.framework/Versions/A/Network
0x00007ff8224ed000 	/usr/lib/libheimdal-asn1.dylib
0x00007ff824db4000 	/System/Library/PrivateFrameworks/CommonAuth.framework/Versions/A/CommonAuth
0x00007ff8245e2000 	/System/Library/PrivateFrameworks/AudioSession.framework/Versions/A/AudioSession
0x00007ff82257d000 	/System/Library/PrivateFrameworks/MediaExperience.framework/Versions/A/MediaExperience
0x00007ff824474000 	/System/Library/PrivateFrameworks/AudioSession.framework/libSessionUtility.dylib
0x00007ff824a0a000 	/System/Library/PrivateFrameworks/AudioResourceArbitration.framework/Versions/A/AudioResourceArbitration
0x00007ff828a8b000 	/System/Library/PrivateFrameworks/PowerLog.framework/Versions/A/PowerLog
0x00007ff8224f6000 	/System/Library/PrivateFrameworks/IconFoundation.framework/Versions/A/IconFoundation
0x00007ff827841000 	/System/Library/PrivateFrameworks/SpeechRecognitionCore.framework/Versions/A/SpeechRecognitionCore
0x0000000110b38000 	/Library/Java/JavaVirtualMachines/jdk1.8.0_202.jdk/Contents/Home/jre/lib/server/libjvm.dylib
0x00007ffb2fcf3000 	/usr/lib/libstdc++.6.dylib
0x000000010fbc2000 	/Library/Java/JavaVirtualMachines/jdk1.8.0_202.jdk/Contents/Home/jre/lib/libverify.dylib
0x000000010fc06000 	/Library/Java/JavaVirtualMachines/jdk1.8.0_202.jdk/Contents/Home/jre/lib/libjava.dylib
0x000000010fc3c000 	/Library/Java/JavaVirtualMachines/jdk1.8.0_202.jdk/Contents/Home/jre/lib/libinstrument.dylib
0x000000010fbd9000 	/Library/Java/JavaVirtualMachines/jdk1.8.0_202.jdk/Contents/Home/jre/lib/libzip.dylib
0x000000011822d000 	/Library/Java/JavaVirtualMachines/jdk1.8.0_202.jdk/Contents/Home/jre/lib/libnet.dylib
0x00000001182da000 	/Library/Java/JavaVirtualMachines/jdk1.8.0_202.jdk/Contents/Home/jre/lib/libprism_es2.dylib
0x00007ff8193de000 	/System/Library/PrivateFrameworks/CoreServicesInternal.framework/Versions/A/CoreServicesInternal
0x00007ffa2fabf000 	/System/Library/Frameworks/OpenGL.framework/Versions/A/Resources/GLEngine.bundle/GLEngine
0x00007ffa2f925000 	/System/Library/Frameworks/OpenGL.framework/Versions/A/Libraries/libGLProgrammability.dylib
0x00007ffa2493b000 	/System/Library/Extensions/AppleIntelKBLGraphicsGLDriver.bundle/Contents/MacOS/AppleIntelKBLGraphicsGLDriver
0x00007ff926f8c000 	/System/Library/PrivateFrameworks/GPUSupport.framework/Versions/A/Libraries/libGPUSupportMercury.dylib
0x00007ffa2fc49000 	/System/Library/Frameworks/OpenGL.framework/Versions/A/Resources/GLRendererFloat.bundle/GLRendererFloat
0x0000000118f30000 	/Library/Java/JavaVirtualMachines/jdk1.8.0_202.jdk/Contents/Home/jre/lib/libglass.dylib
0x00007ff82907c000 	/System/Library/Frameworks/FileProvider.framework/Versions/A/FileProvider
0x00007ff81d080000 	/System/Library/Frameworks/Accounts.framework/Versions/A/Accounts
0x00007ff8291f5000 	/System/Library/PrivateFrameworks/GenerationalStorage.framework/Versions/A/GenerationalStorage
0x00007ff829d05000 	/System/Library/PrivateFrameworks/CoreSymbolication.framework/Versions/A/CoreSymbolication
0x00007ff828a80000 	/System/Library/PrivateFrameworks/SymptomDiagnosticReporter.framework/Versions/A/SymptomDiagnosticReporter
0x00007ff81a69f000 	/System/Library/PrivateFrameworks/DesktopServicesPriv.framework/Versions/A/DesktopServicesPriv
0x00007ff81951d000 	/usr/lib/libsandbox.1.dylib
0x00007ff81e3cc000 	/System/Library/PrivateFrameworks/UserManagement.framework/Versions/A/UserManagement
0x00007ff829cca000 	/System/Library/PrivateFrameworks/DebugSymbols.framework/Versions/A/DebugSymbols
0x00007ff8249eb000 	/System/Library/PrivateFrameworks/NetAuth.framework/Versions/A/NetAuth
0x00007ff8258fa000 	/System/Library/PrivateFrameworks/Sharing.framework/Versions/A/Sharing
0x00007ff81e39f000 	/System/Library/PrivateFrameworks/login.framework/Versions/A/Frameworks/loginsupport.framework/Versions/A/loginsupport
0x00007ff82ae68000 	/System/Library/PrivateFrameworks/Apple80211.framework/Versions/A/Apple80211
0x00007ff8215a5000 	/System/Library/PrivateFrameworks/AuthKit.framework/Versions/A/AuthKit
0x00007ff820bfa000 	/System/Library/PrivateFrameworks/CoreUtils.framework/Versions/A/CoreUtils
0x00007ff820b21000 	/System/Library/Frameworks/CoreWLAN.framework/Versions/A/CoreWLAN
0x00007ff825a59000 	/System/Library/Frameworks/IOBluetooth.framework/Versions/A/IOBluetooth
0x00007ff82aed0000 	/System/Library/PrivateFrameworks/CoreWiFi.framework/Versions/A/CoreWiFi
0x00007ff82989f000 	/System/Library/PrivateFrameworks/FrontBoardServices.framework/Versions/A/FrontBoardServices
0x00007ff829930000 	/System/Library/PrivateFrameworks/BoardServices.framework/Versions/A/BoardServices
0x00007ff820e09000 	/System/Library/PrivateFrameworks/AssertionServices.framework/Versions/A/AssertionServices
0x00007ff82b053000 	/System/Library/PrivateFrameworks/BackBoardServices.framework/Versions/A/BackBoardServices
0x00007ff824e45000 	/System/Library/PrivateFrameworks/CorePhoneNumbers.framework/Versions/A/CorePhoneNumbers
0x00007ff824709000 	/System/Library/PrivateFrameworks/MultiverseSupport.framework/Versions/A/MultiverseSupport
0x00007ff82b2c7000 	/System/Library/PrivateFrameworks/RemoteServiceDiscovery.framework/Versions/A/RemoteServiceDiscovery
0x00007ff828b9d000 	/System/Library/PrivateFrameworks/DiskManagement.framework/Versions/A/DiskManagement
0x00007ff828ab1000 	/System/Library/PrivateFrameworks/AppleIDAuthSupport.framework/Versions/A/AppleIDAuthSupport
0x00007ffb171e9000 	/System/Library/PrivateFrameworks/AAAFoundation.framework/Versions/A/AAAFoundation
0x00007ff824e26000 	/System/Library/PrivateFrameworks/KeychainCircle.framework/Versions/A/KeychainCircle
0x00007ff82b2d7000 	/System/Library/PrivateFrameworks/RemoteXPC.framework/Versions/A/RemoteXPC
0x00007ff828b69000 	/System/Library/PrivateFrameworks/MediaKit.framework/Versions/A/MediaKit
0x00007ff828abd000 	/System/Library/Frameworks/DiscRecording.framework/Versions/A/DiscRecording
0x00007ff8223fb000 	/usr/lib/libCoreStorage.dylib
0x00007ff82b342000 	/usr/lib/libcsfde.dylib
0x00007ff825b26000 	/System/Library/PrivateFrameworks/ProtectedCloudStorage.framework/Versions/A/ProtectedCloudStorage
0x00007ff82b33e000 	/System/Library/PrivateFrameworks/EFILogin.framework/Versions/A/EFILogin
0x00007ff82921b000 	/System/Library/PrivateFrameworks/OctagonTrust.framework/Versions/A/OctagonTrust
0x00007ffb1bad1000 	/System/Library/PrivateFrameworks/CoreUtilsExtras.framework/Versions/A/CoreUtilsExtras
0x00007ff8289e4000 	/System/Library/Frameworks/CoreBluetooth.framework/Versions/A/CoreBluetooth
0x00007ff82b9d3000 	/System/Library/Frameworks/AudioUnit.framework/Versions/A/AudioUnit
0x00007ff8223f3000 	/usr/lib/libMatch.1.dylib
0x00007ff921415000 	/System/Library/Frameworks/Accelerate.framework/Versions/A/Frameworks/vImage.framework/Versions/A/Libraries/libCGInterfaces.dylib
0x000000011a3a1000 	/usr/lib/libobjc-trampolines.dylib
0x00007ff82dedb000 	/System/Library/PrivateFrameworks/FamilyControls.framework/Versions/A/FamilyControls
0x00007ff82deff000 	/System/Library/PrivateFrameworks/CommerceKit.framework/Versions/A/Frameworks/CommerceCore.framework/Versions/A/CommerceCore
0x00007ff827f5d000 	/System/Library/PrivateFrameworks/SystemAdministration.framework/Versions/A/SystemAdministration
0x00007ff825b0d000 	/System/Library/PrivateFrameworks/AppContainer.framework/Versions/A/AppContainer
0x00007ff825b22000 	/System/Library/PrivateFrameworks/SecCodeWrapper.framework/Versions/A/SecCodeWrapper
0x00007ff8222be000 	/System/Library/PrivateFrameworks/CrashReporterSupport.framework/Versions/A/CrashReporterSupport
0x00007ff928e2d000 	/System/Library/PrivateFrameworks/OSAnalytics.framework/Versions/A/OSAnalytics
0x00007ff933fdf000 	/System/Library/PrivateFrameworks/Symbolication.framework/Versions/A/Symbolication
0x00007ff91cdce000 	/System/Library/PrivateFrameworks/MallocStackLogging.framework/Versions/A/MallocStackLogging
0x00007ff822b49000 	/System/Library/PrivateFrameworks/login.framework/Versions/A/login
0x00007ff8237a4000 	/System/Library/Frameworks/MediaToolbox.framework/Versions/A/MediaToolbox
0x00007ff82780d000 	/System/Library/Frameworks/DirectoryService.framework/Versions/A/DirectoryService
0x00007ff82b1df000 	/System/Library/PrivateFrameworks/DiskImages.framework/Versions/A/DiskImages
0x00007ff820eb1000 	/System/Library/Frameworks/ServiceManagement.framework/Versions/A/ServiceManagement
0x00007ff82b3bc000 	/System/Library/PrivateFrameworks/LoginUIKit.framework/Versions/A/Frameworks/LoginUICore.framework/Versions/A/LoginUICore
0x00007ff822cf2000 	/usr/lib/libodfde.dylib
0x00007ff82904c000 	/System/Library/PrivateFrameworks/CoreAVCHD.framework/Versions/A/CoreAVCHD
0x00007ff827f21000 	/System/Library/Frameworks/MediaAccessibility.framework/Versions/A/MediaAccessibility
0x00007ff829048000 	/System/Library/PrivateFrameworks/Mangrove.framework/Versions/A/Mangrove
0x00007ff827f2c000 	/System/Library/PrivateFrameworks/AlgosScoreFramework.framework/Versions/A/AlgosScoreFramework
0x00007ffb18dc5000 	/System/Library/PrivateFrameworks/CMPhoto.framework/Versions/A/CMPhoto
0x00007ff829ba0000 	/System/Library/PrivateFrameworks/AppleVPA.framework/Versions/A/AppleVPA
0x00007ff828c8d000 	/System/Library/PrivateFrameworks/CoreAUC.framework/Versions/A/CoreAUC
0x00007ff82b34e000 	/usr/lib/libcurl.4.dylib
0x00007ffb2f7c2000 	/usr/lib/libcrypto.46.dylib
0x00007ffb2fcb7000 	/usr/lib/libssl.48.dylib
0x00007ff82b071000 	/System/Library/Frameworks/LDAP.framework/Versions/A/LDAP
0x00007ff82b0a9000 	/System/Library/PrivateFrameworks/TrustEvaluationAgent.framework/Versions/A/TrustEvaluationAgent
0x00007ff8246f5000 	/usr/lib/libsasl2.2.dylib
0x00007ff827f51000 	/System/Library/PrivateFrameworks/CoreDaemon.framework/Versions/B/CoreDaemon
0x00007ff827f4c000 	/System/Library/PrivateFrameworks/AppleSRP.framework/Versions/A/AppleSRP
0x00007ff81e0c4000 	/System/Library/PrivateFrameworks/ViewBridge.framework/Versions/A/ViewBridge
0x000000011ca9e000 	/Library/Java/JavaVirtualMachines/jdk1.8.0_202.jdk/Contents/Home/jre/lib/libjavafx_iio.dylib
0x000000011c6ab000 	/Library/Java/JavaVirtualMachines/jdk1.8.0_202.jdk/Contents/Home/jre/lib/libjavafx_font.dylib
0x000000011d0f0000 	/System/Library/Frameworks/FileProvider.framework/OverrideBundles/CloudDocsFileProvider.bundle/Contents/MacOS/CloudDocsFileProvider
0x00007ff81e5e3000 	/System/Library/PrivateFrameworks/CloudDocs.framework/Versions/A/CloudDocs
0x00007ff82b672000 	/System/Library/PrivateFrameworks/AppleAccount.framework/Versions/A/AppleAccount
0x00007ff8255c9000 	/System/Library/PrivateFrameworks/IDS.framework/Versions/A/IDS
0x00007ff82b7ca000 	/System/Library/PrivateFrameworks/AppleIDSSOAuthentication.framework/Versions/A/AppleIDSSOAuthentication
0x00007ff81e3a2000 	/System/Library/PrivateFrameworks/ApplePushService.framework/Versions/A/ApplePushService
0x00007ff82b3c4000 	/System/Library/PrivateFrameworks/AppSupport.framework/Versions/A/AppSupport
0x00007ff8243d9000 	/System/Library/PrivateFrameworks/IMFoundation.framework/Versions/A/IMFoundation
0x00007ff917db4000 	/System/Library/PrivateFrameworks/Marco.framework/Versions/A/Marco
0x00007ff82573d000 	/System/Library/PrivateFrameworks/IDSFoundation.framework/Versions/A/IDSFoundation
0x00007ff81d0fb000 	/System/Library/PrivateFrameworks/CommonUtilities.framework/Versions/A/CommonUtilities
0x00007ff91ca01000 	/System/Library/PrivateFrameworks/FTServices.framework/Versions/A/FTServices
0x00007ff82f228000 	/System/Library/PrivateFrameworks/Engram.framework/Versions/A/Engram
0x00007ff82f1cf000 	/usr/lib/libtidy.A.dylib
0x00007ff822cf6000 	/System/Library/PrivateFrameworks/Bom.framework/Versions/A/Bom
0x00007ff824719000 	/usr/lib/libParallelCompression.dylib
0x00007ff926d55000 	/System/Library/PrivateFrameworks/FTAWD.framework/Versions/A/FTAWD
0x000000011d0be000 	/System/Library/Frameworks/FileProvider.framework/OverrideBundles/FileProviderOverride.bundle/Contents/MacOS/FileProviderOverride
0x000000011d189000 	/System/Library/Frameworks/FileProvider.framework/OverrideBundles/FinderSyncCollaborationFileProviderOverride.bundle/Contents/MacOS/FinderSyncCollaborationFileProviderOverride
0x00007ff92d508000 	/System/Library/PrivateFrameworks/FinderSyncPriv.framework/Versions/A/FinderSyncPriv
0x00007ff81e3f1000 	/System/Library/Frameworks/CloudKit.framework/Versions/A/CloudKit
0x00007ff82ba7f000 	/System/Library/PrivateFrameworks/C2.framework/Versions/A/C2
0x00007ff81f377000 	/System/Library/Frameworks/CoreLocation.framework/Versions/A/CoreLocation
0x00007ffb18fcc000 	/System/Library/PrivateFrameworks/CloudKitDistributedSync.framework/Versions/A/CloudKitDistributedSync
0x00007ff82ba77000 	/System/Library/Frameworks/PushKit.framework/Versions/A/PushKit
0x00007ff829ddb000 	/System/Library/PrivateFrameworks/CoreTime.framework/Versions/A/CoreTime
0x00007ff82d570000 	/System/Library/PrivateFrameworks/RTCReporting.framework/Versions/A/RTCReporting
0x00007ff825def000 	/System/Library/PrivateFrameworks/GeoServices.framework/Versions/A/GeoServices
0x00007ff82444c000 	/System/Library/PrivateFrameworks/LocationSupport.framework/Versions/A/LocationSupport
0x00007ffb1d05a000 	/System/Library/PrivateFrameworks/GeoServicesCore.framework/Versions/A/GeoServicesCore
0x00007ff9185b0000 	/System/Library/PrivateFrameworks/PhoneNumbers.framework/Versions/A/PhoneNumbers
0x00007ff91abfb000 	/usr/lib/libFosl_dynamic.dylib
0x00007ff920bbc000 	/usr/lib/libncurses.5.4.dylib
0x00007ffa22abf000 	/System/Library/Extensions/AppleIntelKBLGraphicsMTLDriver.bundle/Contents/MacOS/AppleIntelKBLGraphicsMTLDriver
0x00007ff91ce0c000 	/System/Library/PrivateFrameworks/GPURawCounter.framework/Versions/A/GPURawCounter
0x00007ffb2f356000 	/usr/lib/libRosetta.dylib
0x000000011e0d7000 	/Library/Java/JavaVirtualMachines/jdk1.8.0_202.jdk/Contents/Home/jre/lib/libprism_common.dylib

VM Arguments:
jvm_args: -javaagent:/Users/saraeltlt/Library/Application Support/JetBrains/Toolbox/apps/IDEA-U/ch-0/223.8214.52/IntelliJ IDEA.app/Contents/lib/idea_rt.jar=54054:/Users/saraeltlt/Library/Application Support/JetBrains/Toolbox/apps/IDEA-U/ch-0/223.8214.52/IntelliJ IDEA.app/Contents/bin -Dfile.encoding=UTF-8 
java_command: tictactoeclient.TicTacToeClient
java_class_path (initial): /Library/Java/JavaVirtualMachines/jdk1.8.0_202.jdk/Contents/Home/jre/lib/charsets.jar:/Library/Java/JavaVirtualMachines/jdk1.8.0_202.jdk/Contents/Home/jre/lib/deploy.jar:/Library/Java/JavaVirtualMachines/jdk1.8.0_202.jdk/Contents/Home/jre/lib/ext/cldrdata.jar:/Library/Java/JavaVirtualMachines/jdk1.8.0_202.jdk/Contents/Home/jre/lib/ext/dnsns.jar:/Library/Java/JavaVirtualMachines/jdk1.8.0_202.jdk/Contents/Home/jre/lib/ext/jaccess.jar:/Library/Java/JavaVirtualMachines/jdk1.8.0_202.jdk/Contents/Home/jre/lib/ext/jfxrt.jar:/Library/Java/JavaVirtualMachines/jdk1.8.0_202.jdk/Contents/Home/jre/lib/ext/localedata.jar:/Library/Java/JavaVirtualMachines/jdk1.8.0_202.jdk/Contents/Home/jre/lib/ext/nashorn.jar:/Library/Java/JavaVirtualMachines/jdk1.8.0_202.jdk/Contents/Home/jre/lib/ext/sunec.jar:/Library/Java/JavaVirtualMachines/jdk1.8.0_202.jdk/Contents/Home/jre/lib/ext/sunjce_provider.jar:/Library/Java/JavaVirtualMachines/jdk1.8.0_202.jdk/Contents/Home/jre/lib/ext/sunpkcs11.jar:/Library/Java/JavaVirtualMachines/jdk1.8.0_202.jdk/Contents/Home/jre/lib/ext/zipfs.jar:/Library/Java/JavaVirtualMachines/jdk1.8.0_202.jdk/Contents/Home/jre/lib/javaws.jar:/Library/Java/JavaVirtualMachines/jdk1.8.0_202.jdk/Contents/Home/jre/lib/jce.jar:/Library/Java/JavaVirtualMachines/jdk1.8.0_202.jdk/Contents/Home/jre/lib/jfr.jar:/Library/Java/JavaVirtualMachines/jdk1.8.0_202.jdk/Contents/Home/jre/lib/jfxswt.jar:/Library/Java/JavaVirtualMachines/jdk1.8.0_202.jdk/Contents/Home/jre/lib/jsse.jar:/Library/Java/JavaVirtualMachines/jdk1.8.0_202.jdk/Contents/Home/jre/lib/management-agent.jar:/Library/Java/JavaVirtualMachines/jdk1.8.0_202.jdk/Contents/Home/jre/lib/plugin.jar:/Library/Java/JavaVirtualMachines/jdk1.8.0_202.jdk/Contents/Home/jre/lib/resources.jar:/Library/Java/JavaVirtualMachines/jdk1.8.0_202.jdk/Contents/Home/jre/lib/rt.jar:/Users/saraeltlt/Desktop/tictac/Tic-Tac-Toe/out/production/TicTacToeClient:/Users/saraeltlt/Library/Application Support/JetBrains/Toolbox/apps/IDEA-
Launcher Type: SUN_STANDARD

Environment Variables:
PATH=/usr/local/bin:/usr/bin:/bin:/usr/sbin:/sbin:/usr/local/mysql/bin:/Library/Apple/usr/bin:/usr/local/bin
SHELL=/bin/bash

Signal Handlers:
SIGSEGV: [libjvm.dylib+0x5b719d], sa_mask[0]=11111111011111110111111111111111, sa_flags=SA_ONSTACK|SA_RESTART|SA_SIGINFO
SIGBUS: [libjvm.dylib+0x5b719d], sa_mask[0]=11111111011111110111111111111111, sa_flags=SA_RESTART|SA_SIGINFO
SIGFPE: [libjvm.dylib+0x48c8fc], sa_mask[0]=11111111011111110111111111111111, sa_flags=SA_RESTART|SA_SIGINFO
SIGPIPE: [libjvm.dylib+0x48c8fc], sa_mask[0]=11111111011111110111111111111111, sa_flags=SA_RESTART|SA_SIGINFO
SIGXFSZ: [libjvm.dylib+0x48c8fc], sa_mask[0]=11111111011111110111111111111111, sa_flags=SA_RESTART|SA_SIGINFO
SIGILL: [libjvm.dylib+0x48c8fc], sa_mask[0]=11111111011111110111111111111111, sa_flags=SA_RESTART|SA_SIGINFO
SIGUSR1: SIG_DFL, sa_mask[0]=00000000000000000000000000000000, sa_flags=none
SIGUSR2: [libjvm.dylib+0x48c41a], sa_mask[0]=00100000000000000000000000000000, sa_flags=SA_RESTART|SA_SIGINFO
SIGHUP: [libjvm.dylib+0x48a9a5], sa_mask[0]=11111111011111110111111111111111, sa_flags=SA_RESTART|SA_SIGINFO
SIGINT: [libjvm.dylib+0x48a9a5], sa_mask[0]=11111111011111110111111111111111, sa_flags=SA_RESTART|SA_SIGINFO
SIGTERM: [libjvm.dylib+0x48a9a5], sa_mask[0]=11111111011111110111111111111111, sa_flags=SA_RESTART|SA_SIGINFO
SIGQUIT: [libjvm.dylib+0x48a9a5], sa_mask[0]=11111111011111110111111111111111, sa_flags=SA_RESTART|SA_SIGINFO


---------------  S Y S T E M  ---------------

OS:Bsduname:Darwin 21.6.0 Darwin Kernel Version 21.6.0: Mon Aug 22 20:17:10 PDT 2022; root:xnu-8020.140.49~2/RELEASE_X86_64 x86_64
rlimit: STACK 8192k, CORE 0k, NPROC 1392, NOFILE 10240, AS infinity
load average:4.76 2.84 2.39

CPU:total 4 (initial active 4) (2 cores per cpu, 2 threads per core) family 6 model 142 stepping 9, cmov, cx8, fxsr, mmx, sse, sse2, sse3, ssse3, sse4.1, sse4.2, popcnt, avx, avx2, aes, clmul, erms, rtm, 3dnowpref, lzcnt, ht, tsc, tscinvbit, bmi1, bmi2, adx

Memory: 4k page, physical 8388608k(20636k free)

/proc/meminfo:


vm_info: Java HotSpot(TM) 64-Bit Server VM (25.202-b08) for bsd-amd64 JRE (1.8.0_202-b08), built on Dec 15 2018 20:16:16 by "java_re" with gcc 4.2.1 (Based on Apple Inc. build 5658) (LLVM build 2336.11.00)

time: Tue Jan 10 19:56:19 2023
timezone: EET
elapsed time: 7 seconds (0d 0h 0m 7s)

