#
# A fatal error has been detected by the Java Runtime Environment:
#
#  Internal Error (safepoint.cpp:712), pid=24561, tid=0x0000000000006003
#  fatal error: Illegal threadstate encountered: 4
#
# JRE version: Java(TM) SE Runtime Environment (8.0_202-b08) (build 1.8.0_202-b08)
# Java VM: Java HotSpot(TM) 64-Bit Server VM (25.202-b08 mixed mode bsd-amd64 compressed oops)
# Failed to write core dump. Core dumps have been disabled. To enable core dumping, try "ulimit -c unlimited" before starting Java again
#
# If you would like to submit a bug report, please visit:
#   http://bugreport.java.com/bugreport/crash.jsp
# The crash happened outside the Java Virtual Machine in native code.
# See problematic frame for where to report the bug.
#

---------------  T H R E A D  ---------------

Current thread (0x00007fd2fd114800):  JavaThread "Thread-1" daemon [_thread_in_native, id=24579, stack(0x000070000e6bf000,0x000070000e7bf000)]

Stack: [0x000070000e6bf000,0x000070000e7bf000],  sp=0x000070000e7bdc80,  free space=1019k
Native frames: (J=compiled Java code, j=interpreted, Vv=VM code, C=native code)
V  [libjvm.dylib+0x5b698e]
V  [libjvm.dylib+0x1e9bed]
V  [libjvm.dylib+0x4e66a8]
V  [libjvm.dylib+0x56fa72]
V  [libjvm.dylib+0x16ab4e]
V  [libjvm.dylib+0x317599]
C  [libglass.dylib+0x49d1]  -[GlassRunnable dealloc]+0x31
C  [libobjc.A.dylib+0x25e98]  _ZN11objc_object17sidetable_releaseEbb+0xee
C  [Foundation+0x818be]  -[_NSThreadPerformInfo dealloc]+0x2a
C  [libobjc.A.dylib+0x25e98]  _ZN11objc_object17sidetable_releaseEbb+0xee
C  [Foundation+0x4e446]  -[NSObject(NSThreadPerformAdditions) performSelectorOnMainThread:withObject:waitUntilDone:]+0x7c
j  com.sun.glass.ui.mac.MacApplication._submitForLaterInvocation(Ljava/lang/Runnable;)V+0
j  com.sun.glass.ui.mac.MacApplication.submitForLaterInvocation(Ljava/lang/Runnable;)V+2
j  com.sun.glass.ui.InvokeLaterDispatcher.run()V+82
v  ~StubRoutines::call_stub
V  [libjvm.dylib+0x2f0d1e]
V  [libjvm.dylib+0x2f14c2]
V  [libjvm.dylib+0x2f166e]
V  [libjvm.dylib+0x34bf5d]
V  [libjvm.dylib+0x570b93]
V  [libjvm.dylib+0x57228e]
V  [libjvm.dylib+0x48f30a]
C  [libsystem_pthread.dylib+0x64e1]  _pthread_start+0x7d
C  [libsystem_pthread.dylib+0x1f6b]  thread_start+0xf
C  0x0000000000000000

Java frames: (J=compiled Java code, j=interpreted, Vv=VM code)
j  com.sun.glass.ui.mac.MacApplication._submitForLaterInvocation(Ljava/lang/Runnable;)V+0
j  com.sun.glass.ui.mac.MacApplication.submitForLaterInvocation(Ljava/lang/Runnable;)V+2
j  com.sun.glass.ui.InvokeLaterDispatcher.run()V+82
v  ~StubRoutines::call_stub

---------------  P R O C E S S  ---------------

Java Threads: ( => current thread )
  0x00007fd2fd182000 JavaThread "Prism Font Disposer" daemon [_thread_blocked, id=78603, stack(0x000070000ebd7000,0x000070000ecd7000)]
  0x00007fd2fc886800 JavaThread "JavaFX-Launcher" [_thread_blocked, id=46595, stack(0x000070000ead4000,0x000070000ebd4000)]
  0x00007fd2fc87e000 JavaThread "Thread-3" daemon [_thread_blocked, id=34823, stack(0x000070000e845000,0x000070000e8c5000)]
  0x00007fd2fc864800 JavaThread "JavaFX Application Thread" [_thread_blocked, id=259, stack(0x00007ff7b0c1f000,0x00007ff7b141f000)]
=>0x00007fd2fd114800 JavaThread "Thread-1" daemon [_thread_in_native, id=24579, stack(0x000070000e6bf000,0x000070000e7bf000)]
  0x00007fd2fd0bd000 JavaThread "QuantumRenderer-0" daemon [_thread_in_Java, id=15619, stack(0x000070000e5bc000,0x000070000e6bc000)]
  0x00007fd2fb823800 JavaThread "Service Thread" daemon [_thread_blocked, id=18435, stack(0x000070000e3b6000,0x000070000e4b6000)]
  0x00007fd2fc809800 JavaThread "C1 CompilerThread2" daemon [_thread_in_vm, id=14851, stack(0x000070000e2b3000,0x000070000e3b3000)]
  0x00007fd2fb822800 JavaThread "C2 CompilerThread1" daemon [_thread_blocked, id=19203, stack(0x000070000e1b0000,0x000070000e2b0000)]
  0x00007fd2fd066800 JavaThread "C2 CompilerThread0" daemon [_thread_blocked, id=14595, stack(0x000070000e0ad000,0x000070000e1ad000)]
  0x00007fd2fc821800 JavaThread "Monitor Ctrl-Break" daemon [_thread_in_native, id=19715, stack(0x000070000dfaa000,0x000070000e0aa000)]
  0x00007fd2fd027800 JavaThread "Signal Dispatcher" daemon [_thread_blocked, id=13827, stack(0x000070000dea7000,0x000070000dfa7000)]
  0x00007fd2fb02e000 JavaThread "Finalizer" daemon [_thread_blocked, id=11523, stack(0x000070000dc9e000,0x000070000dd9e000)]
  0x00007fd2fb821000 JavaThread "Reference Handler" daemon [_thread_blocked, id=20995, stack(0x000070000db9b000,0x000070000dc9b000)]
  0x00007fd2fb80a000 JavaThread "main" [_thread_blocked, id=3843, stack(0x000070000d589000,0x000070000d689000)]

Other Threads:
  0x00007fd2fb81c800 VMThread [stack: 0x000070000da98000,0x000070000db98000] [id=11011]
  0x00007fd2fb08b800 WatcherThread [stack: 0x000070000e4b9000,0x000070000e5b9000] [id=18179]

VM state:synchronizing (normal execution)

VM Mutex/Monitor currently owned by a thread:  ([mutex/lock_event])
[0x00006000015c8e80] Safepoint_lock - owner thread: 0x00007fd2fb81c800
[0x00006000015c8f00] Threads_lock - owner thread: 0x00007fd2fb81c800

heap address: 0x0000000740000000, size: 2048 MB, Compressed Oops mode: Zero based, Oop shift amount: 3
Narrow klass base: 0x0000000000000000, Narrow klass shift: 3
Compressed class space size: 1073741824 Address: 0x00000007c0000000

Heap:
 PSYoungGen      total 37888K, used 4830K [0x0000000795580000, 0x000000079a980000, 0x00000007c0000000)
  eden space 32768K, 3% used [0x0000000795580000,0x000000079567c268,0x0000000797580000)
  from space 5120K, 74% used [0x0000000797600000,0x00000007979bb8c0,0x0000000797b00000)
  to   space 26624K, 0% used [0x0000000798f80000,0x0000000798f80000,0x000000079a980000)
 ParOldGen       total 93184K, used 60690K [0x0000000740000000, 0x0000000745b00000, 0x0000000795580000)
  object space 93184K, 65% used [0x0000000740000000,0x0000000743b44bc0,0x0000000745b00000)
 Metaspace       used 21400K, capacity 22450K, committed 22656K, reserved 1069056K
  class space    used 2917K, capacity 3164K, committed 3200K, reserved 1048576K

Card table byte_map: [0x000000010f0c3000,0x000000010f4c4000] byte_map_base: 0x000000010b6c3000

Marking Bits: (ParMarkBitMap*) 0x0000000110497e40
 Begin Bits: [0x0000000120675000, 0x0000000122675000)
 End Bits:   [0x0000000122675000, 0x0000000124675000)

Polling page: 0x000000010ec19000

CodeCache: size=245760Kb used=11493Kb max_used=11534Kb free=234266Kb
 bounds [0x0000000111675000, 0x00000001121c5000, 0x0000000120675000]
 total_blobs=4258 nmethods=3554 adapters=617
 compilation: enabled

Compilation events (10 events):
Event: 150.559 Thread 0x00007fd2fd066800 nmethod 3575 0x00000001121b8210 code [0x00000001121b8480, 0x00000001121b8ef0]
Event: 150.570 Thread 0x00007fd2fd066800 3577       4       com.sun.javafx.geom.Order2::getReversedCurve (37 bytes)
Event: 150.575 Thread 0x00007fd2fd066800 nmethod 3577 0x00000001121b9950 code [0x00000001121b9ae0, 0x00000001121ba038]
Event: 150.593 Thread 0x00007fd2fc809800 3578       3       java.nio.Buffer::clear (20 bytes)
Event: 150.593 Thread 0x00007fd2fc809800 nmethod 3578 0x00000001121b0410 code [0x00000001121b0560, 0x00000001121b06d0]
Event: 150.619 Thread 0x00007fd2fb822800 nmethod 3572 0x00000001121bd8d0 code [0x00000001121bdb20, 0x00000001121bf8d8]
Event: 991.595 Thread 0x00007fd2fc809800 3579       3       com.sun.javafx.util.Logging::getInputLogger (18 bytes)
Event: 991.610 Thread 0x00007fd2fd066800 3584       4       com.sun.javafx.css.PseudoClassState::equals (6 bytes)
Event: 991.615 Thread 0x00007fd2fc809800 nmethod 3579 0x00000001121b7e10 code [0x00000001121b7f80, 0x00000001121b8168]
Event: 991.626 Thread 0x00007fd2fd066800 nmethod 3584 0x0000000111782c50 code [0x0000000111782dc0, 0x0000000111782f78]

GC Heap History (10 events):
Event: 14.506 GC heap before
{Heap before GC invocations=2 (full 0):
 PSYoungGen      total 38400K, used 36072K [0x0000000795580000, 0x0000000798000000, 0x00000007c0000000)
  eden space 33280K, 100% used [0x0000000795580000,0x0000000797600000,0x0000000797600000)
  from space 5120K, 54% used [0x0000000797600000,0x00000007978ba050,0x0000000797b00000)
  to   space 5120K, 0% used [0x0000000797b00000,0x0000000797b00000,0x0000000798000000)
 ParOldGen       total 87552K, used 9808K [0x0000000740000000, 0x0000000745580000, 0x0000000795580000)
  object space 87552K, 11% used [0x0000000740000000,0x0000000740994040,0x0000000745580000)
 Metaspace       used 15801K, capacity 16484K, committed 16768K, reserved 1062912K
  class space    used 2186K, capacity 2380K, committed 2432K, reserved 1048576K
Event: 14.532 GC heap after
Heap after GC invocations=2 (full 0):
 PSYoungGen      total 38400K, used 5097K [0x0000000795580000, 0x0000000798000000, 0x00000007c0000000)
  eden space 33280K, 0% used [0x0000000795580000,0x0000000795580000,0x0000000797600000)
  from space 5120K, 99% used [0x0000000797b00000,0x0000000797ffa478,0x0000000798000000)
  to   space 5120K, 0% used [0x0000000797600000,0x0000000797600000,0x0000000797b00000)
 ParOldGen       total 87552K, used 23722K [0x0000000740000000, 0x0000000745580000, 0x0000000795580000)
  object space 87552K, 27% used [0x0000000740000000,0x000000074172ab20,0x0000000745580000)
 Metaspace       used 15801K, capacity 16484K, committed 16768K, reserved 1062912K
  class space    used 2186K, capacity 2380K, committed 2432K, reserved 1048576K
}
Event: 20.382 GC heap before
{Heap before GC invocations=3 (full 0):
 PSYoungGen      total 38400K, used 33989K [0x0000000795580000, 0x0000000798000000, 0x00000007c0000000)
  eden space 33280K, 86% used [0x0000000795580000,0x00000007971b7128,0x0000000797600000)
  from space 5120K, 99% used [0x0000000797b00000,0x0000000797ffa478,0x0000000798000000)
  to   space 5120K, 0% used [0x0000000797600000,0x0000000797600000,0x0000000797b00000)
 ParOldGen       total 87552K, used 23722K [0x0000000740000000, 0x0000000745580000, 0x0000000795580000)
  object space 87552K, 27% used [0x0000000740000000,0x000000074172ab20,0x0000000745580000)
 Metaspace       used 20147K, capacity 21180K, committed 21296K, reserved 1067008K
  class space    used 2865K, capacity 3117K, committed 3200K, reserved 1048576K
Event: 20.415 GC heap after
Heap after GC invocations=3 (full 0):
 PSYoungGen      total 38400K, used 5100K [0x0000000795580000, 0x0000000798000000, 0x00000007c0000000)
  eden space 33280K, 0% used [0x0000000795580000,0x0000000795580000,0x0000000797600000)
  from space 5120K, 99% used [0x0000000797600000,0x0000000797afb190,0x0000000797b00000)
  to   space 5120K, 0% used [0x0000000797b00000,0x0000000797b00000,0x0000000798000000)
 ParOldGen       total 87552K, used 38200K [0x0000000740000000, 0x0000000745580000, 0x0000000795580000)
  object space 87552K, 43% used [0x0000000740000000,0x000000074254e038,0x0000000745580000)
 Metaspace       used 20147K, capacity 21180K, committed 21296K, reserved 1067008K
  class space    used 2865K, capacity 3117K, committed 3200K, reserved 1048576K
}
Event: 20.415 GC heap before
{Heap before GC invocations=4 (full 1):
 PSYoungGen      total 38400K, used 5100K [0x0000000795580000, 0x0000000798000000, 0x00000007c0000000)
  eden space 33280K, 0% used [0x0000000795580000,0x0000000795580000,0x0000000797600000)
  from space 5120K, 99% used [0x0000000797600000,0x0000000797afb190,0x0000000797b00000)
  to   space 5120K, 0% used [0x0000000797b00000,0x0000000797b00000,0x0000000798000000)
 ParOldGen       total 87552K, used 38200K [0x0000000740000000, 0x0000000745580000, 0x0000000795580000)
  object space 87552K, 43% used [0x0000000740000000,0x000000074254e038,0x0000000745580000)
 Metaspace       used 20147K, capacity 21180K, committed 21296K, reserved 1067008K
  class space    used 2865K, capacity 3117K, committed 3200K, reserved 1048576K
Event: 20.494 GC heap after
Heap after GC invocations=4 (full 1):
 PSYoungGen      total 38400K, used 0K [0x0000000795580000, 0x0000000798000000, 0x00000007c0000000)
  eden space 33280K, 0% used [0x0000000795580000,0x0000000795580000,0x0000000797600000)
  from space 5120K, 0% used [0x0000000797600000,0x0000000797600000,0x0000000797b00000)
  to   space 5120K, 0% used [0x0000000797b00000,0x0000000797b00000,0x0000000798000000)
 ParOldGen       total 93184K, used 43122K [0x0000000740000000, 0x0000000745b00000, 0x0000000795580000)
  object space 93184K, 46% used [0x0000000740000000,0x0000000742a1c8c0,0x0000000745b00000)
 Metaspace       used 20147K, capacity 21180K, committed 21296K, reserved 1067008K
  class space    used 2865K, capacity 3117K, committed 3200K, reserved 1048576K
}
Event: 146.509 GC heap before
{Heap before GC invocations=5 (full 1):
 PSYoungGen      total 38400K, used 22653K [0x0000000795580000, 0x0000000798000000, 0x00000007c0000000)
  eden space 33280K, 68% used [0x0000000795580000,0x0000000796b9f7f8,0x0000000797600000)
  from space 5120K, 0% used [0x0000000797600000,0x0000000797600000,0x0000000797b00000)
  to   space 5120K, 0% used [0x0000000797b00000,0x0000000797b00000,0x0000000798000000)
 ParOldGen       total 93184K, used 43122K [0x0000000740000000, 0x0000000745b00000, 0x0000000795580000)
  object space 93184K, 46% used [0x0000000740000000,0x0000000742a1c8c0,0x0000000745b00000)
 Metaspace       used 21274K, capacity 22366K, committed 22656K, reserved 1069056K
  class space    used 2914K, capacity 3162K, committed 3200K, reserved 1048576K
Event: 146.534 GC heap after
Heap after GC invocations=5 (full 1):
 PSYoungGen      total 38400K, used 4076K [0x0000000795580000, 0x0000000798000000, 0x00000007c0000000)
  eden space 33280K, 0% used [0x0000000795580000,0x0000000795580000,0x0000000797600000)
  from space 5120K, 79% used [0x0000000797b00000,0x0000000797efb010,0x0000000798000000)
  to   space 5120K, 0% used [0x0000000797600000,0x0000000797600000,0x0000000797b00000)
 ParOldGen       total 93184K, used 47712K [0x0000000740000000, 0x0000000745b00000, 0x0000000795580000)
  object space 93184K, 51% used [0x0000000740000000,0x0000000742e980e0,0x0000000745b00000)
 Metaspace       used 21274K, capacity 22366K, committed 22656K, reserved 1069056K
  class space    used 2914K, capacity 3162K, committed 3200K, reserved 1048576K
}
Event: 991.362 GC heap before
{Heap before GC invocations=6 (full 1):
 PSYoungGen      total 38400K, used 37356K [0x0000000795580000, 0x0000000798000000, 0x00000007c0000000)
  eden space 33280K, 100% used [0x0000000795580000,0x0000000797600000,0x0000000797600000)
  from space 5120K, 79% used [0x0000000797b00000,0x0000000797efb010,0x0000000798000000)
  to   space 5120K, 0% used [0x0000000797600000,0x0000000797600000,0x0000000797b00000)
 ParOldGen       total 93184K, used 47712K [0x0000000740000000, 0x0000000745b00000, 0x0000000795580000)
  object space 93184K, 51% used [0x0000000740000000,0x0000000742e980e0,0x0000000745b00000)
 Metaspace       used 21389K, capacity 22450K, committed 22656K, reserved 1069056K
  class space    used 2917K, capacity 3164K, committed 3200K, reserved 1048576K
Event: 991.586 GC heap after
Heap after GC invocations=6 (full 1):
 PSYoungGen      total 37888K, used 3822K [0x0000000795580000, 0x000000079a980000, 0x00000007c0000000)
  eden space 32768K, 0% used [0x0000000795580000,0x0000000795580000,0x0000000797580000)
  from space 5120K, 74% used [0x0000000797600000,0x00000007979bb8c0,0x0000000797b00000)
  to   space 26624K, 0% used [0x0000000798f80000,0x0000000798f80000,0x000000079a980000)
 ParOldGen       total 93184K, used 60690K [0x0000000740000000, 0x0000000745b00000, 0x0000000795580000)
  object space 93184K, 65% used [0x0000000740000000,0x0000000743b44bc0,0x0000000745b00000)
 Metaspace       used 21389K, capacity 22450K, committed 22656K, reserved 1069056K
  class space    used 2917K, capacity 3164K, committed 3200K, reserved 1048576K
}

Deoptimization events (10 events):
Event: 146.492 Thread 0x00007fd2fc864800 Uncommon trap: reason=unstable_if action=reinterpret pc=0x0000000111a96ae4 method=java.io.BufferedInputStream.read1([BII)I @ 60
Event: 149.059 Thread 0x00007fd2fd0bd000 Uncommon trap: reason=predicate action=maybe_recompile pc=0x000000011218bf4c method=java.util.TimSort.binarySort([Ljava/lang/Object;IIILjava/util/Comparator;)V @ 37
Event: 149.059 Thread 0x00007fd2fd0bd000 Uncommon trap: reason=array_check action=maybe_recompile pc=0x0000000112182278 method=java.util.TimSort.binarySort([Ljava/lang/Object;IIILjava/util/Comparator;)V @ 215
Event: 149.063 Thread 0x00007fd2fd0bd000 Uncommon trap: reason=array_check action=maybe_recompile pc=0x0000000112182278 method=java.util.TimSort.binarySort([Ljava/lang/Object;IIILjava/util/Comparator;)V @ 215
Event: 149.068 Thread 0x00007fd2fd0bd000 Uncommon trap: reason=array_check action=maybe_recompile pc=0x0000000112182278 method=java.util.TimSort.binarySort([Ljava/lang/Object;IIILjava/util/Comparator;)V @ 215
Event: 149.068 Thread 0x00007fd2fd0bd000 Uncommon trap: reason=array_check action=maybe_recompile pc=0x0000000112182278 method=java.util.TimSort.binarySort([Ljava/lang/Object;IIILjava/util/Comparator;)V @ 215
Event: 149.082 Thread 0x00007fd2fd0bd000 Uncommon trap: reason=array_check action=maybe_recompile pc=0x000000011218e1b8 method=java.util.TimSort.binarySort([Ljava/lang/Object;IIILjava/util/Comparator;)V @ 193
Event: 149.082 Thread 0x00007fd2fd0bd000 Uncommon trap: reason=array_check action=maybe_recompile pc=0x000000011218e2b4 method=java.util.TimSort.binarySort([Ljava/lang/Object;IIILjava/util/Comparator;)V @ 183
Event: 149.082 Thread 0x00007fd2fd0bd000 Uncommon trap: reason=array_check action=maybe_recompile pc=0x000000011218e1b8 method=java.util.TimSort.binarySort([Ljava/lang/Object;IIILjava/util/Comparator;)V @ 193
Event: 149.082 Thread 0x00007fd2fd0bd000 Uncommon trap: reason=array_check action=maybe_recompile pc=0x000000011217f918 method=java.util.TimSort.binarySort([Ljava/lang/Object;IIILjava/util/Comparator;)V @ 183

Classes redefined (0 events):
No events

Internal exceptions (10 events):
Event: 146.738 Thread 0x00007fd2fc864800 Exception <a 'java/io/FileNotFoundException'> (0x000000079634bf38) thrown at [/Users/java_re/workspace/8-2-build-macosx-x86_64/jdk8u202/12323/hotspot/src/share/vm/prims/jni.cpp, line 710]
Event: 146.740 Thread 0x00007fd2fc864800 Exception <a 'java/io/FileNotFoundException'> (0x000000079636f930) thrown at [/Users/java_re/workspace/8-2-build-macosx-x86_64/jdk8u202/12323/hotspot/src/share/vm/prims/jni.cpp, line 710]
Event: 146.742 Thread 0x00007fd2fc864800 Exception <a 'java/io/FileNotFoundException'> (0x0000000796393328) thrown at [/Users/java_re/workspace/8-2-build-macosx-x86_64/jdk8u202/12323/hotspot/src/share/vm/prims/jni.cpp, line 710]
Event: 146.744 Thread 0x00007fd2fc864800 Exception <a 'java/io/FileNotFoundException'> (0x00000007963b6d50) thrown at [/Users/java_re/workspace/8-2-build-macosx-x86_64/jdk8u202/12323/hotspot/src/share/vm/prims/jni.cpp, line 710]
Event: 146.745 Thread 0x00007fd2fc864800 Exception <a 'java/io/FileNotFoundException'> (0x00000007963da748) thrown at [/Users/java_re/workspace/8-2-build-macosx-x86_64/jdk8u202/12323/hotspot/src/share/vm/prims/jni.cpp, line 710]
Event: 146.747 Thread 0x00007fd2fc864800 Exception <a 'java/io/FileNotFoundException'> (0x00000007963fe140) thrown at [/Users/java_re/workspace/8-2-build-macosx-x86_64/jdk8u202/12323/hotspot/src/share/vm/prims/jni.cpp, line 710]
Event: 146.749 Thread 0x00007fd2fc864800 Exception <a 'java/io/FileNotFoundException'> (0x0000000796421b98) thrown at [/Users/java_re/workspace/8-2-build-macosx-x86_64/jdk8u202/12323/hotspot/src/share/vm/prims/jni.cpp, line 710]
Event: 146.751 Thread 0x00007fd2fc864800 Exception <a 'java/io/FileNotFoundException'> (0x0000000796445590) thrown at [/Users/java_re/workspace/8-2-build-macosx-x86_64/jdk8u202/12323/hotspot/src/share/vm/prims/jni.cpp, line 710]
Event: 146.752 Thread 0x00007fd2fc864800 Exception <a 'java/io/FileNotFoundException'> (0x0000000796468f88) thrown at [/Users/java_re/workspace/8-2-build-macosx-x86_64/jdk8u202/12323/hotspot/src/share/vm/prims/jni.cpp, line 710]
Event: 146.754 Thread 0x00007fd2fc864800 Exception <a 'java/io/FileNotFoundException'> (0x000000079648c9b8) thrown at [/Users/java_re/workspace/8-2-build-macosx-x86_64/jdk8u202/12323/hotspot/src/share/vm/prims/jni.cpp, line 710]

Events (10 events):
Event: 991.625 Executing VM operation: BulkRevokeBias done
Event: 991.626 Executing VM operation: RevokeBias
Event: 991.626 Executing VM operation: RevokeBias done
Event: 991.626 Executing VM operation: RevokeBias
Event: 991.626 Executing VM operation: RevokeBias done
Event: 991.626 Executing VM operation: RevokeBias
Event: 991.626 Executing VM operation: RevokeBias done
Event: 991.626 Executing VM operation: RevokeBias
Event: 991.628 Executing VM operation: RevokeBias done
Event: 991.628 Executing VM operation: RevokeBias


Dynamic libraries:
0x00007ff81c8ab000 	/System/Library/Frameworks/Cocoa.framework/Versions/A/Cocoa
0x00007ff8084ff000 	/System/Library/Frameworks/AppKit.framework/Versions/C/AppKit
0x00007ff80ba16000 	/System/Library/Frameworks/CoreData.framework/Versions/A/CoreData
0x00007ff806902000 	/System/Library/Frameworks/Foundation.framework/Versions/C/Foundation
0x00007ff810839000 	/usr/lib/libSystem.B.dylib
0x00007ff80938f000 	/System/Library/PrivateFrameworks/UIFoundation.framework/Versions/A/UIFoundation
0x00007ff8167ac000 	/System/Library/PrivateFrameworks/RemoteViewServices.framework/Versions/A/RemoteViewServices
0x00007ff80ea8d000 	/System/Library/PrivateFrameworks/XCTTargetBootstrap.framework/Versions/A/XCTTargetBootstrap
0x00007ff812642000 	/System/Library/PrivateFrameworks/InternationalSupport.framework/Versions/A/InternationalSupport
0x00007ff8126cc000 	/System/Library/PrivateFrameworks/UserActivity.framework/Versions/A/UserActivity
0x00007ff811a20000 	/usr/lib/libspindump.dylib
0x00007ff80961e000 	/System/Library/Frameworks/UniformTypeIdentifiers.framework/Versions/A/UniformTypeIdentifiers
0x00007ff80d1b1000 	/usr/lib/libapp_launch_measurement.dylib
0x00007ff80c3e8000 	/System/Library/PrivateFrameworks/CoreAnalytics.framework/Versions/A/CoreAnalytics
0x00007ff80d1b4000 	/System/Library/PrivateFrameworks/CoreAutoLayout.framework/Versions/A/CoreAutoLayout
0x00007ff80e3e4000 	/System/Library/Frameworks/Metal.framework/Versions/A/Metal
0x00007ff80f113000 	/usr/lib/liblangid.dylib
0x00007ff80ea92000 	/System/Library/PrivateFrameworks/CoreSVG.framework/Versions/A/CoreSVG
0x00007ff80aa0a000 	/System/Library/PrivateFrameworks/SkyLight.framework/Versions/A/SkyLight
0x00007ff80ada9000 	/System/Library/Frameworks/CoreGraphics.framework/Versions/A/CoreGraphics
0x00007ff816e6c000 	/System/Library/Frameworks/Accelerate.framework/Versions/A/Accelerate
0x00007ff81149f000 	/System/Library/PrivateFrameworks/IconServices.framework/Versions/A/IconServices
0x00007ff80e3c9000 	/System/Library/Frameworks/IOSurface.framework/Versions/A/IOSurface
0x00007ff80c416000 	/usr/lib/libDiagnosticMessagesClient.dylib
0x00007ff810759000 	/usr/lib/libz.1.dylib
0x00007ff81a54f000 	/System/Library/Frameworks/ApplicationServices.framework/Versions/A/ApplicationServices
0x00007ff80ea79000 	/System/Library/PrivateFrameworks/DFRFoundation.framework/Versions/A/DFRFoundation
0x00007ff807de7000 	/usr/lib/libicucore.A.dylib
0x00007ff813438000 	/System/Library/Frameworks/AudioToolbox.framework/Versions/A/AudioToolbox
0x00007ff81264e000 	/System/Library/PrivateFrameworks/DataDetectorsCore.framework/Versions/A/DataDetectorsCore
0x00007ff90eb49000 	/System/Library/PrivateFrameworks/TextInput.framework/Versions/A/TextInput
0x00007ff80a98d000 	/usr/lib/libMobileGestalt.dylib
0x00007ff80e785000 	/System/Library/Frameworks/Carbon.framework/Versions/A/Frameworks/HIToolbox.framework/Versions/A/HIToolbox
0x00007ff80cbb3000 	/System/Library/Frameworks/QuartzCore.framework/Versions/A/QuartzCore
0x00007ff807a8c000 	/System/Library/Frameworks/Security.framework/Versions/A/Security
0x00007ff8167e4000 	/System/Library/Frameworks/Carbon.framework/Versions/A/Frameworks/SpeechRecognition.framework/Versions/A/SpeechRecognition
0x00007ff80cf11000 	/System/Library/PrivateFrameworks/CoreUI.framework/Versions/A/CoreUI
0x00007ff807356000 	/System/Library/Frameworks/CoreAudio.framework/Versions/A/CoreAudio
0x00007ff80c505000 	/System/Library/Frameworks/DiskArbitration.framework/Versions/A/DiskArbitration
0x00007ff811e0e000 	/System/Library/PrivateFrameworks/MultitouchSupport.framework/Versions/A/MultitouchSupport
0x00007ff80a98c000 	/usr/lib/libenergytrace.dylib
0x00007ff8083eb000 	/System/Library/Frameworks/IOKit.framework/Versions/A/IOKit
0x00007ff816bd4000 	/System/Library/Frameworks/CoreServices.framework/Versions/A/CoreServices
0x00007ff80d14b000 	/System/Library/PrivateFrameworks/PerformanceAnalysis.framework/Versions/A/PerformanceAnalysis
0x00007ffa1e82b000 	/System/Library/Frameworks/OpenGL.framework/Versions/A/OpenGL
0x00007ff80fd75000 	/System/Library/PrivateFrameworks/MobileKeyBag.framework/Versions/A/MobileKeyBag
0x00007ff8058cc000 	/usr/lib/libobjc.A.dylib
0x00007ff80b475000 	/System/Library/Frameworks/ColorSync.framework/Versions/A/ColorSync
0x00007ff805a86000 	/System/Library/Frameworks/CoreFoundation.framework/Versions/A/CoreFoundation
0x00007ff80ed09000 	/System/Library/Frameworks/CoreImage.framework/Versions/A/CoreImage
0x00007ff80716a000 	/System/Library/Frameworks/CoreText.framework/Versions/A/CoreText
0x00007ff80eac2000 	/System/Library/Frameworks/ImageIO.framework/Versions/A/ImageIO
0x00007ff81083f000 	/System/Library/PrivateFrameworks/SoftLinking.framework/Versions/A/SoftLinking
0x00007ff80d1fc000 	/usr/lib/libxml2.2.dylib
0x00007ff805992000 	/usr/lib/libc++.1.dylib
0x00007ff810ac3000 	/usr/lib/libcompression.dylib
0x00007ff812575000 	/System/Library/PrivateFrameworks/TextureIO.framework/Versions/A/TextureIO
0x00007ff8111b1000 	/usr/lib/libate.dylib
0x00007ff810834000 	/usr/lib/system/libcache.dylib
0x00007ff8107f0000 	/usr/lib/system/libcommonCrypto.dylib
0x00007ff810819000 	/usr/lib/system/libcompiler_rt.dylib
0x00007ff81080f000 	/usr/lib/system/libcopyfile.dylib
0x00007ff8057c7000 	/usr/lib/system/libcorecrypto.dylib
0x00007ff805885000 	/usr/lib/system/libdispatch.dylib
0x00007ff805a45000 	/usr/lib/system/libdyld.dylib
0x00007ff81082b000 	/usr/lib/system/libkeymgr.dylib
0x00007ff8107ce000 	/usr/lib/system/libmacho.dylib
0x00007ff80fe4f000 	/usr/lib/system/libquarantine.dylib
0x00007ff810829000 	/usr/lib/system/libremovefile.dylib
0x00007ff80a9da000 	/usr/lib/system/libsystem_asl.dylib
0x00007ff805770000 	/usr/lib/system/libsystem_blocks.dylib
0x00007ff805909000 	/usr/lib/system/libsystem_c.dylib
0x00007ff810821000 	/usr/lib/system/libsystem_collections.dylib
0x00007ff80f103000 	/usr/lib/system/libsystem_configuration.dylib
0x00007ff80e3ac000 	/usr/lib/system/libsystem_containermanager.dylib
0x00007ff810506000 	/usr/lib/system/libsystem_coreservices.dylib
0x00007ff80807b000 	/usr/lib/system/libsystem_darwin.dylib
0x00007ff81082c000 	/usr/lib/system/libsystem_dnssd.dylib
0x00007ff805906000 	/usr/lib/system/libsystem_featureflags.dylib
0x00007ff805a5b000 	/usr/lib/system/libsystem_info.dylib
0x00007ff81076c000 	/usr/lib/system/libsystem_m.dylib
0x00007ff805859000 	/usr/lib/system/libsystem_malloc.dylib
0x00007ff80a975000 	/usr/lib/system/libsystem_networkextension.dylib
0x00007ff8084a1000 	/usr/lib/system/libsystem_notify.dylib
0x00007ff816aa9000 	/usr/lib/system/libsystem_product_info_filter.dylib
0x00007ff80f107000 	/usr/lib/system/libsystem_sandbox.dylib
0x00007ff810826000 	/usr/lib/system/libsystem_secinit.dylib
0x00007ff805a01000 	/usr/lib/system/libsystem_kernel.dylib
0x00007ff805a51000 	/usr/lib/system/libsystem_platform.dylib
0x00007ff805a39000 	/usr/lib/system/libsystem_pthread.dylib
0x00007ff80c228000 	/usr/lib/system/libsystem_symptoms.dylib
0x00007ff8057ae000 	/usr/lib/system/libsystem_trace.dylib
0x00007ff8107fc000 	/usr/lib/system/libunwind.dylib
0x00007ff805772000 	/usr/lib/system/libxpc.dylib
0x00007ff8059eb000 	/usr/lib/libc++abi.dylib
0x00007ff810807000 	/usr/lib/liboah.dylib
0x00007ff810f8d000 	/usr/lib/liblzma.5.dylib
0x00007ff806614000 	/System/Library/Frameworks/SystemConfiguration.framework/Versions/A/SystemConfiguration
0x00007ff81083b000 	/usr/lib/libfakelink.dylib
0x00007ff80a4e5000 	/System/Library/Frameworks/CFNetwork.framework/Versions/A/CFNetwork
0x00007ff81097c000 	/usr/lib/libarchive.2.dylib
0x00007ff80f10f000 	/System/Library/PrivateFrameworks/AppleSystemInfo.framework/Versions/A/AppleSystemInfo
0x00007ff80fe76000 	/usr/lib/libbsm.0.dylib
0x00007ff809af4000 	/usr/lib/libnetwork.dylib
0x00007ff8107d4000 	/usr/lib/system/libkxld.dylib
0x00007ff80faa9000 	/System/Library/PrivateFrameworks/IOMobileFramebuffer.framework/Versions/A/IOMobileFramebuffer
0x00007ffb1e1fa000 	/usr/lib/libCoreEntitlements.dylib
0x00007ff8104e8000 	/System/Library/PrivateFrameworks/AppleFSCompression.framework/Versions/A/AppleFSCompression
0x00007ff80fe5e000 	/usr/lib/libcoretls.dylib
0x00007ff810fa7000 	/usr/lib/libcoretls_cfhelpers.dylib
0x00007ff810abe000 	/usr/lib/libpam.2.dylib
0x00007ff80be47000 	/usr/lib/libsqlite3.dylib
0x00007ff811016000 	/usr/lib/libxar.1.dylib
0x00007ff8104f8000 	/usr/lib/libbz2.1.0.dylib
0x00007ff810840000 	/usr/lib/libpcap.A.dylib
0x00007ff80c220000 	/usr/lib/libdns_services.dylib
0x00007ff810a8e000 	/usr/lib/libapple_nghttp2.dylib
0x00007ff81087a000 	/usr/lib/libiconv.2.dylib
0x00007ff8107cd000 	/usr/lib/libcharset.1.dylib
0x00007ff80d17f000 	/System/Library/Frameworks/CoreServices.framework/Versions/A/Frameworks/FSEvents.framework/Versions/A/FSEvents
0x00007ff808085000 	/System/Library/Frameworks/CoreServices.framework/Versions/A/Frameworks/CarbonCore.framework/Versions/A/CarbonCore
0x00007ff80c469000 	/System/Library/Frameworks/CoreServices.framework/Versions/A/Frameworks/Metadata.framework/Versions/A/Metadata
0x00007ff81050b000 	/System/Library/Frameworks/CoreServices.framework/Versions/A/Frameworks/OSServices.framework/Versions/A/OSServices
0x00007ff810a03000 	/System/Library/Frameworks/CoreServices.framework/Versions/A/Frameworks/SearchKit.framework/Versions/A/SearchKit
0x00007ff80c1b2000 	/System/Library/Frameworks/CoreServices.framework/Versions/A/Frameworks/AE.framework/Versions/A/AE
0x00007ff805f89000 	/System/Library/Frameworks/CoreServices.framework/Versions/A/Frameworks/LaunchServices.framework/Versions/A/LaunchServices
0x00007ff810f3e000 	/System/Library/Frameworks/CoreServices.framework/Versions/A/Frameworks/DictionaryServices.framework/Versions/A/DictionaryServices
0x00007ff80d18c000 	/System/Library/Frameworks/CoreServices.framework/Versions/A/Frameworks/SharedFileList.framework/Versions/A/SharedFileList
0x00007ff80fe52000 	/usr/lib/libCheckFix.dylib
0x00007ff80a9f1000 	/System/Library/PrivateFrameworks/TCC.framework/Versions/A/TCC
0x00007ff80f115000 	/System/Library/PrivateFrameworks/CoreNLP.framework/Versions/A/CoreNLP
0x00007ff80c419000 	/System/Library/PrivateFrameworks/MetadataUtilities.framework/Versions/A/MetadataUtilities
0x00007ff8066c5000 	/usr/lib/libmecabra.dylib
0x00007ff80fe86000 	/usr/lib/libmecab.dylib
0x00007ff806690000 	/usr/lib/libCRFSuite.dylib
0x00007ff80fee0000 	/usr/lib/libgermantok.dylib
0x00007ff810a69000 	/usr/lib/libThaiTokenizer.dylib
0x00007ff80c50c000 	/System/Library/Frameworks/Accelerate.framework/Versions/A/Frameworks/vImage.framework/Versions/A/vImage
0x00007ff816bab000 	/System/Library/Frameworks/Accelerate.framework/Versions/A/Frameworks/vecLib.framework/Versions/A/vecLib
0x00007ff811057000 	/System/Library/Frameworks/Accelerate.framework/Versions/A/Frameworks/vecLib.framework/Versions/A/libvMisc.dylib
0x00007ff80f8d4000 	/System/Library/Frameworks/Accelerate.framework/Versions/A/Frameworks/vecLib.framework/Versions/A/libvDSP.dylib
0x00007ff806304000 	/System/Library/Frameworks/Accelerate.framework/Versions/A/Frameworks/vecLib.framework/Versions/A/libBLAS.dylib
0x00007ff810ba0000 	/System/Library/Frameworks/Accelerate.framework/Versions/A/Frameworks/vecLib.framework/Versions/A/libLAPACK.dylib
0x00007ff80fee3000 	/System/Library/Frameworks/Accelerate.framework/Versions/A/Frameworks/vecLib.framework/Versions/A/libLinearAlgebra.dylib
0x00007ff810aa6000 	/System/Library/Frameworks/Accelerate.framework/Versions/A/Frameworks/vecLib.framework/Versions/A/libSparseBLAS.dylib
0x00007ff810b9a000 	/System/Library/Frameworks/Accelerate.framework/Versions/A/Frameworks/vecLib.framework/Versions/A/libQuadrature.dylib
0x00007ff80f200000 	/System/Library/Frameworks/Accelerate.framework/Versions/A/Frameworks/vecLib.framework/Versions/A/libBNNS.dylib
0x00007ff80659e000 	/System/Library/Frameworks/Accelerate.framework/Versions/A/Frameworks/vecLib.framework/Versions/A/libSparse.dylib
0x00007ff80f1f9000 	/System/Library/PrivateFrameworks/LinguisticData.framework/Versions/A/LinguisticData
0x00007ff806554000 	/System/Library/PrivateFrameworks/Lexicon.framework/Versions/A/Lexicon
0x00007ff811050000 	/usr/lib/libChineseTokenizer.dylib
0x00007ff806cbf000 	/System/Library/PrivateFrameworks/LanguageModeling.framework/Versions/A/LanguageModeling
0x00007ff810a6b000 	/System/Library/PrivateFrameworks/AppleSauce.framework/Versions/A/AppleSauce
0x00007ff80fa97000 	/System/Library/PrivateFrameworks/CoreEmoji.framework/Versions/A/CoreEmoji
0x00007ff81096b000 	/usr/lib/libcmph.dylib
0x00007ff80d163000 	/System/Library/Frameworks/OpenDirectory.framework/Versions/A/Frameworks/CFOpenDirectory.framework/Versions/A/CFOpenDirectory
0x00007ff80d157000 	/System/Library/Frameworks/OpenDirectory.framework/Versions/A/OpenDirectory
0x00007ff810fa9000 	/System/Library/PrivateFrameworks/APFS.framework/Versions/A/APFS
0x00007ff80fdad000 	/System/Library/Frameworks/SecurityFoundation.framework/Versions/A/SecurityFoundation
0x00007ff811024000 	/usr/lib/libutil.dylib
0x00007ff8083af000 	/System/Library/PrivateFrameworks/CoreServicesStore.framework/Versions/A/CoreServicesStore
0x00007ff811028000 	/usr/lib/libxslt.1.dylib
0x00007ff80fe3a000 	/System/Library/PrivateFrameworks/BackgroundTaskManagement.framework/Versions/A/BackgroundTaskManagement
0x00007ff812495000 	/System/Library/Frameworks/ImageIO.framework/Versions/A/Resources/libRadiance.dylib
0x00007ff81249e000 	/System/Library/Frameworks/ImageIO.framework/Versions/A/Resources/libJPEG.dylib
0x00007ff8123ed000 	/System/Library/Frameworks/ImageIO.framework/Versions/A/Resources/libPng.dylib
0x00007ff81240e000 	/System/Library/Frameworks/ImageIO.framework/Versions/A/Resources/libTIFF.dylib
0x00007ff8124fe000 	/System/Library/Frameworks/ImageIO.framework/Versions/A/Resources/libGIF.dylib
0x00007ff811d28000 	/System/Library/Frameworks/ImageIO.framework/Versions/A/Resources/libJP2.dylib
0x00007ff811466000 	/usr/lib/libexpat.1.dylib
0x00007ff811cdd000 	/System/Library/PrivateFrameworks/AppleJPEG.framework/Versions/A/AppleJPEG
0x00007ff80e649000 	/System/Library/PrivateFrameworks/FontServices.framework/libFontParser.dylib
0x00007ff80c15c000 	/System/Library/PrivateFrameworks/RunningBoardServices.framework/Versions/A/RunningBoardServices
0x00007ff81ce66000 	/System/Library/PrivateFrameworks/IOSurfaceAccelerator.framework/Versions/A/IOSurfaceAccelerator
0x00007ff811e0a000 	/System/Library/PrivateFrameworks/WatchdogClient.framework/Versions/A/WatchdogClient
0x00007ff806dad000 	/System/Library/Frameworks/CoreDisplay.framework/Versions/A/CoreDisplay
0x00007ff80e547000 	/System/Library/Frameworks/CoreMedia.framework/Versions/A/CoreMedia
0x00007ff80e3db000 	/System/Library/PrivateFrameworks/IOAccelerator.framework/Versions/A/IOAccelerator
0x00007ff80d2e0000 	/System/Library/Frameworks/CoreVideo.framework/Versions/A/CoreVideo
0x00007ff810abc000 	/System/Library/Frameworks/MetalPerformanceShaders.framework/Versions/A/MetalPerformanceShaders
0x00007ff811e47000 	/System/Library/Frameworks/VideoToolbox.framework/Versions/A/VideoToolbox
0x00007ff80c0a6000 	/System/Library/PrivateFrameworks/BaseBoard.framework/Versions/A/BaseBoard
0x00007ff80be2d000 	/System/Library/PrivateFrameworks/ProtocolBuffer.framework/Versions/A/ProtocolBuffer
0x00007ff81248e000 	/System/Library/PrivateFrameworks/GPUWrangler.framework/Versions/A/GPUWrangler
0x00007ff812472000 	/System/Library/PrivateFrameworks/IOPresentment.framework/Versions/A/IOPresentment
0x00007ff812498000 	/System/Library/PrivateFrameworks/DSExternalDisplay.framework/Versions/A/DSExternalDisplay
0x00007ffa1e81f000 	/System/Library/Frameworks/OpenGL.framework/Versions/A/Libraries/libCoreFSCache.dylib
0x00007ffb0b8f6000 	/System/Library/PrivateFrameworks/GPUCompiler.framework/Versions/31001/Libraries/libGPUCompilerUtils.dylib
0x00007ff812503000 	/System/Library/PrivateFrameworks/CMCaptureCore.framework/Versions/A/CMCaptureCore
0x00007ff811a0e000 	/System/Library/PrivateFrameworks/AppServerSupport.framework/Versions/A/AppServerSupport
0x00007ff813cd1000 	/System/Library/PrivateFrameworks/perfdata.framework/Versions/A/perfdata
0x00007ff806ed9000 	/System/Library/PrivateFrameworks/AudioToolboxCore.framework/Versions/A/AudioToolboxCore
0x00007ff80e525000 	/System/Library/PrivateFrameworks/caulk.framework/Versions/A/caulk
0x00007ff8135e3000 	/usr/lib/libAudioStatistics.dylib
0x00007ff90b2d7000 	/System/Library/PrivateFrameworks/SystemPolicy.framework/Versions/A/SystemPolicy
0x00007ff81383e000 	/usr/lib/libSMC.dylib
0x00007ff81c75e000 	/System/Library/Frameworks/CoreMIDI.framework/Versions/A/CoreMIDI
0x00007ff8123bc000 	/usr/lib/libAudioToolboxUtility.dylib
0x00007ff907503000 	/System/Library/PrivateFrameworks/OSAServicesClient.framework/Versions/A/OSAServicesClient
0x00007ff813cde000 	/usr/lib/libperfcheck.dylib
0x00007ff90bd84000 	/usr/lib/libmis.dylib
0x00007ffa1e87a000 	/System/Library/Frameworks/OpenGL.framework/Versions/A/Libraries/libGLU.dylib
0x00007ffa1e83e000 	/System/Library/Frameworks/OpenGL.framework/Versions/A/Libraries/libGFXShared.dylib
0x00007ffa1ea47000 	/System/Library/Frameworks/OpenGL.framework/Versions/A/Libraries/libGL.dylib
0x00007ffa1e847000 	/System/Library/Frameworks/OpenGL.framework/Versions/A/Libraries/libGLImage.dylib
0x00007ffa1e83b000 	/System/Library/Frameworks/OpenGL.framework/Versions/A/Libraries/libCVMSPluginSupport.dylib
0x00007ffa1e826000 	/System/Library/Frameworks/OpenGL.framework/Versions/A/Libraries/libCoreVMClient.dylib
0x00007ff80f091000 	/System/Library/Frameworks/MetalPerformanceShaders.framework/Versions/A/Frameworks/MPSCore.framework/Versions/A/MPSCore
0x00007ff810453000 	/System/Library/Frameworks/MetalPerformanceShaders.framework/Versions/A/Frameworks/MPSImage.framework/Versions/A/MPSImage
0x00007ff80fef9000 	/System/Library/Frameworks/MetalPerformanceShaders.framework/Versions/A/Frameworks/MPSNeuralNetwork.framework/Versions/A/MPSNeuralNetwork
0x00007ff81036d000 	/System/Library/Frameworks/MetalPerformanceShaders.framework/Versions/A/Frameworks/MPSMatrix.framework/Versions/A/MPSMatrix
0x00007ff810128000 	/System/Library/Frameworks/MetalPerformanceShaders.framework/Versions/A/Frameworks/MPSRayIntersector.framework/Versions/A/MPSRayIntersector
0x00007ff8103a5000 	/System/Library/Frameworks/MetalPerformanceShaders.framework/Versions/A/Frameworks/MPSNDArray.framework/Versions/A/MPSNDArray
0x00007ffa242ff000 	/System/Library/Frameworks/MetalPerformanceShaders.framework/Versions/A/Frameworks/MPSFunctions.framework/Versions/A/MPSFunctions
0x00007ff8061e0000 	/System/Library/PrivateFrameworks/MetalTools.framework/Versions/A/MetalTools
0x00007ff80f10d000 	/System/Library/PrivateFrameworks/AggregateDictionary.framework/Versions/A/AggregateDictionary
0x00007ff811248000 	/usr/lib/libIOReport.dylib
0x00007ffa1fe56000 	/System/Library/Frameworks/OpenCL.framework/Versions/A/OpenCL
0x00007ff8115ac000 	/System/Library/PrivateFrameworks/FaceCore.framework/Versions/A/FaceCore
0x00007ff81159d000 	/System/Library/PrivateFrameworks/GraphVisualizer.framework/Versions/A/GraphVisualizer
0x00007ffb0b801000 	/System/Library/PrivateFrameworks/FontServices.framework/Versions/A/FontServices
0x00007ff8119c6000 	/System/Library/PrivateFrameworks/OTSVG.framework/Versions/A/OTSVG
0x00007ff80cec6000 	/System/Library/Frameworks/ApplicationServices.framework/Versions/A/Frameworks/ATS.framework/Versions/A/Resources/libFontRegistry.dylib
0x00007ff811a16000 	/System/Library/PrivateFrameworks/FontServices.framework/libhvf.dylib
0x00007ffb0b802000 	/System/Library/PrivateFrameworks/FontServices.framework/libXTFontStaticRegistryData.dylib
0x00007ff811416000 	/System/Library/PrivateFrameworks/AppleVA.framework/Versions/A/AppleVA
0x00007ff813603000 	/System/Library/Frameworks/ApplicationServices.framework/Versions/A/Frameworks/ATS.framework/Versions/A/ATS
0x00007ff80b573000 	/System/Library/Frameworks/ApplicationServices.framework/Versions/A/Frameworks/HIServices.framework/Versions/A/HIServices
0x00007ff81250d000 	/System/Library/Frameworks/ApplicationServices.framework/Versions/A/Frameworks/PrintCore.framework/Versions/A/PrintCore
0x00007ff813991000 	/System/Library/Frameworks/ApplicationServices.framework/Versions/A/Frameworks/QD.framework/Versions/A/QD
0x00007ff813989000 	/System/Library/Frameworks/ApplicationServices.framework/Versions/A/Frameworks/ColorSyncLegacy.framework/Versions/A/ColorSyncLegacy
0x00007ff8135f3000 	/System/Library/Frameworks/ApplicationServices.framework/Versions/A/Frameworks/SpeechSynthesis.framework/Versions/A/SpeechSynthesis
0x00007ff8124ce000 	/System/Library/Frameworks/ApplicationServices.framework/Versions/A/Frameworks/ATSUI.framework/Versions/A/ATSUI
0x00007ff81391e000 	/usr/lib/libcups.2.dylib
0x00007ff813ced000 	/System/Library/Frameworks/Kerberos.framework/Versions/A/Kerberos
0x00007ff813cfc000 	/System/Library/Frameworks/GSS.framework/Versions/A/GSS
0x00007ff81366f000 	/usr/lib/libresolv.9.dylib
0x00007ff811a25000 	/System/Library/PrivateFrameworks/Heimdal.framework/Versions/A/Heimdal
0x00007ff81a8e1000 	/System/Library/Frameworks/Kerberos.framework/Versions/A/Libraries/libHeimdalProxy.dylib
0x00007ff80c230000 	/System/Library/Frameworks/Network.framework/Versions/A/Network
0x00007ff811480000 	/usr/lib/libheimdal-asn1.dylib
0x00007ff813d47000 	/System/Library/PrivateFrameworks/CommonAuth.framework/Versions/A/CommonAuth
0x00007ff813575000 	/System/Library/PrivateFrameworks/AudioSession.framework/Versions/A/AudioSession
0x00007ff811510000 	/System/Library/PrivateFrameworks/MediaExperience.framework/Versions/A/MediaExperience
0x00007ff813407000 	/System/Library/PrivateFrameworks/AudioSession.framework/libSessionUtility.dylib
0x00007ff81399d000 	/System/Library/PrivateFrameworks/AudioResourceArbitration.framework/Versions/A/AudioResourceArbitration
0x00007ff817a1e000 	/System/Library/PrivateFrameworks/PowerLog.framework/Versions/A/PowerLog
0x00007ff811489000 	/System/Library/PrivateFrameworks/IconFoundation.framework/Versions/A/IconFoundation
0x00007ff8167d4000 	/System/Library/PrivateFrameworks/SpeechRecognitionCore.framework/Versions/A/SpeechRecognitionCore
0x000000010fb9c000 	/Library/Java/JavaVirtualMachines/jdk1.8.0_202.jdk/Contents/Home/jre/lib/server/libjvm.dylib
0x00007ffb1ec86000 	/usr/lib/libstdc++.6.dylib
0x000000010ec26000 	/Library/Java/JavaVirtualMachines/jdk1.8.0_202.jdk/Contents/Home/jre/lib/libverify.dylib
0x000000010ec6a000 	/Library/Java/JavaVirtualMachines/jdk1.8.0_202.jdk/Contents/Home/jre/lib/libjava.dylib
0x000000010eca0000 	/Library/Java/JavaVirtualMachines/jdk1.8.0_202.jdk/Contents/Home/jre/lib/libinstrument.dylib
0x000000010ec3d000 	/Library/Java/JavaVirtualMachines/jdk1.8.0_202.jdk/Contents/Home/jre/lib/libzip.dylib
0x0000000111593000 	/Library/Java/JavaVirtualMachines/jdk1.8.0_202.jdk/Contents/Home/jre/lib/libnet.dylib
0x00000001115aa000 	/Library/Java/JavaVirtualMachines/jdk1.8.0_202.jdk/Contents/Home/jre/lib/libprism_es2.dylib
0x00007ff808371000 	/System/Library/PrivateFrameworks/CoreServicesInternal.framework/Versions/A/CoreServicesInternal
0x00007ffa1ea52000 	/System/Library/Frameworks/OpenGL.framework/Versions/A/Resources/GLEngine.bundle/GLEngine
0x00007ffa1e8b8000 	/System/Library/Frameworks/OpenGL.framework/Versions/A/Libraries/libGLProgrammability.dylib
0x00007ffa138ce000 	/System/Library/Extensions/AppleIntelKBLGraphicsGLDriver.bundle/Contents/MacOS/AppleIntelKBLGraphicsGLDriver
0x00007ff915f1f000 	/System/Library/PrivateFrameworks/GPUSupport.framework/Versions/A/Libraries/libGPUSupportMercury.dylib
0x00007ffa1ebdc000 	/System/Library/Frameworks/OpenGL.framework/Versions/A/Resources/GLRendererFloat.bundle/GLRendererFloat
0x00000001270d3000 	/Library/Java/JavaVirtualMachines/jdk1.8.0_202.jdk/Contents/Home/jre/lib/libglass.dylib
0x00007ff81800f000 	/System/Library/Frameworks/FileProvider.framework/Versions/A/FileProvider
0x00007ff80c013000 	/System/Library/Frameworks/Accounts.framework/Versions/A/Accounts
0x00007ff818188000 	/System/Library/PrivateFrameworks/GenerationalStorage.framework/Versions/A/GenerationalStorage
0x00007ff818c98000 	/System/Library/PrivateFrameworks/CoreSymbolication.framework/Versions/A/CoreSymbolication
0x00007ff817a13000 	/System/Library/PrivateFrameworks/SymptomDiagnosticReporter.framework/Versions/A/SymptomDiagnosticReporter
0x00007ff809632000 	/System/Library/PrivateFrameworks/DesktopServicesPriv.framework/Versions/A/DesktopServicesPriv
0x00007ff8084b0000 	/usr/lib/libsandbox.1.dylib
0x00007ff80d35f000 	/System/Library/PrivateFrameworks/UserManagement.framework/Versions/A/UserManagement
0x00007ff818c5d000 	/System/Library/PrivateFrameworks/DebugSymbols.framework/Versions/A/DebugSymbols
0x00007ff81397e000 	/System/Library/PrivateFrameworks/NetAuth.framework/Versions/A/NetAuth
0x00007ff81488d000 	/System/Library/PrivateFrameworks/Sharing.framework/Versions/A/Sharing
0x00007ff80d332000 	/System/Library/PrivateFrameworks/login.framework/Versions/A/Frameworks/loginsupport.framework/Versions/A/loginsupport
0x00007ff819dfb000 	/System/Library/PrivateFrameworks/Apple80211.framework/Versions/A/Apple80211
0x00007ff810538000 	/System/Library/PrivateFrameworks/AuthKit.framework/Versions/A/AuthKit
0x00007ff80fb8d000 	/System/Library/PrivateFrameworks/CoreUtils.framework/Versions/A/CoreUtils
0x00007ff80fab4000 	/System/Library/Frameworks/CoreWLAN.framework/Versions/A/CoreWLAN
0x00007ff8149ec000 	/System/Library/Frameworks/IOBluetooth.framework/Versions/A/IOBluetooth
0x00007ff819e63000 	/System/Library/PrivateFrameworks/CoreWiFi.framework/Versions/A/CoreWiFi
0x00007ff818832000 	/System/Library/PrivateFrameworks/FrontBoardServices.framework/Versions/A/FrontBoardServices
0x00007ff8188c3000 	/System/Library/PrivateFrameworks/BoardServices.framework/Versions/A/BoardServices
0x00007ff80fd9c000 	/System/Library/PrivateFrameworks/AssertionServices.framework/Versions/A/AssertionServices
0x00007ff819fe6000 	/System/Library/PrivateFrameworks/BackBoardServices.framework/Versions/A/BackBoardServices
0x00007ff813dd8000 	/System/Library/PrivateFrameworks/CorePhoneNumbers.framework/Versions/A/CorePhoneNumbers
0x00007ff81369c000 	/System/Library/PrivateFrameworks/MultiverseSupport.framework/Versions/A/MultiverseSupport
0x00007ff81a25a000 	/System/Library/PrivateFrameworks/RemoteServiceDiscovery.framework/Versions/A/RemoteServiceDiscovery
0x00007ff817b30000 	/System/Library/PrivateFrameworks/DiskManagement.framework/Versions/A/DiskManagement
0x00007ff817a44000 	/System/Library/PrivateFrameworks/AppleIDAuthSupport.framework/Versions/A/AppleIDAuthSupport
0x00007ffb0617c000 	/System/Library/PrivateFrameworks/AAAFoundation.framework/Versions/A/AAAFoundation
0x00007ff813db9000 	/System/Library/PrivateFrameworks/KeychainCircle.framework/Versions/A/KeychainCircle
0x00007ff81a26a000 	/System/Library/PrivateFrameworks/RemoteXPC.framework/Versions/A/RemoteXPC
0x00007ff817afc000 	/System/Library/PrivateFrameworks/MediaKit.framework/Versions/A/MediaKit
0x00007ff817a50000 	/System/Library/Frameworks/DiscRecording.framework/Versions/A/DiscRecording
0x00007ff81138e000 	/usr/lib/libCoreStorage.dylib
0x00007ff81a2d5000 	/usr/lib/libcsfde.dylib
0x00007ff814ab9000 	/System/Library/PrivateFrameworks/ProtectedCloudStorage.framework/Versions/A/ProtectedCloudStorage
0x00007ff81a2d1000 	/System/Library/PrivateFrameworks/EFILogin.framework/Versions/A/EFILogin
0x00007ff8181ae000 	/System/Library/PrivateFrameworks/OctagonTrust.framework/Versions/A/OctagonTrust
0x00007ffb0aa64000 	/System/Library/PrivateFrameworks/CoreUtilsExtras.framework/Versions/A/CoreUtilsExtras
0x00007ff817977000 	/System/Library/Frameworks/CoreBluetooth.framework/Versions/A/CoreBluetooth
0x00007ff81a966000 	/System/Library/Frameworks/AudioUnit.framework/Versions/A/AudioUnit
0x00007ff811386000 	/usr/lib/libMatch.1.dylib
0x00007ff9103a8000 	/System/Library/Frameworks/Accelerate.framework/Versions/A/Frameworks/vImage.framework/Versions/A/Libraries/libCGInterfaces.dylib
0x0000000128544000 	/usr/lib/libobjc-trampolines.dylib
0x00007ff81ce6e000 	/System/Library/PrivateFrameworks/FamilyControls.framework/Versions/A/FamilyControls
0x00007ff81ce92000 	/System/Library/PrivateFrameworks/CommerceKit.framework/Versions/A/Frameworks/CommerceCore.framework/Versions/A/CommerceCore
0x00007ff816ef0000 	/System/Library/PrivateFrameworks/SystemAdministration.framework/Versions/A/SystemAdministration
0x00007ff814aa0000 	/System/Library/PrivateFrameworks/AppContainer.framework/Versions/A/AppContainer
0x00007ff814ab5000 	/System/Library/PrivateFrameworks/SecCodeWrapper.framework/Versions/A/SecCodeWrapper
0x00007ff811251000 	/System/Library/PrivateFrameworks/CrashReporterSupport.framework/Versions/A/CrashReporterSupport
0x00007ff917dc0000 	/System/Library/PrivateFrameworks/OSAnalytics.framework/Versions/A/OSAnalytics
0x00007ff922f72000 	/System/Library/PrivateFrameworks/Symbolication.framework/Versions/A/Symbolication
0x00007ff90bd61000 	/System/Library/PrivateFrameworks/MallocStackLogging.framework/Versions/A/MallocStackLogging
0x00007ff811adc000 	/System/Library/PrivateFrameworks/login.framework/Versions/A/login
0x00007ff812737000 	/System/Library/Frameworks/MediaToolbox.framework/Versions/A/MediaToolbox
0x00007ff8167a0000 	/System/Library/Frameworks/DirectoryService.framework/Versions/A/DirectoryService
0x00007ff81a172000 	/System/Library/PrivateFrameworks/DiskImages.framework/Versions/A/DiskImages
0x00007ff80fe44000 	/System/Library/Frameworks/ServiceManagement.framework/Versions/A/ServiceManagement
0x00007ff81a34f000 	/System/Library/PrivateFrameworks/LoginUIKit.framework/Versions/A/Frameworks/LoginUICore.framework/Versions/A/LoginUICore
0x00007ff811c85000 	/usr/lib/libodfde.dylib
0x00007ff817fdf000 	/System/Library/PrivateFrameworks/CoreAVCHD.framework/Versions/A/CoreAVCHD
0x00007ff816eb4000 	/System/Library/Frameworks/MediaAccessibility.framework/Versions/A/MediaAccessibility
0x00007ff817fdb000 	/System/Library/PrivateFrameworks/Mangrove.framework/Versions/A/Mangrove
0x00007ff816ebf000 	/System/Library/PrivateFrameworks/AlgosScoreFramework.framework/Versions/A/AlgosScoreFramework
0x00007ffb07d58000 	/System/Library/PrivateFrameworks/CMPhoto.framework/Versions/A/CMPhoto
0x00007ff818b33000 	/System/Library/PrivateFrameworks/AppleVPA.framework/Versions/A/AppleVPA
0x00007ff817c20000 	/System/Library/PrivateFrameworks/CoreAUC.framework/Versions/A/CoreAUC
0x00007ff81a2e1000 	/usr/lib/libcurl.4.dylib
0x00007ffb1e755000 	/usr/lib/libcrypto.46.dylib
0x00007ffb1ec4a000 	/usr/lib/libssl.48.dylib
0x00007ff81a004000 	/System/Library/Frameworks/LDAP.framework/Versions/A/LDAP
0x00007ff81a03c000 	/System/Library/PrivateFrameworks/TrustEvaluationAgent.framework/Versions/A/TrustEvaluationAgent
0x00007ff813688000 	/usr/lib/libsasl2.2.dylib
0x00007ff816ee4000 	/System/Library/PrivateFrameworks/CoreDaemon.framework/Versions/B/CoreDaemon
0x00007ff816edf000 	/System/Library/PrivateFrameworks/AppleSRP.framework/Versions/A/AppleSRP
0x00007ff80d057000 	/System/Library/PrivateFrameworks/ViewBridge.framework/Versions/A/ViewBridge
0x00007ffb1e2e9000 	/usr/lib/libRosetta.dylib
0x000000012ac41000 	/Library/Java/JavaVirtualMachines/jdk1.8.0_202.jdk/Contents/Home/jre/lib/libjavafx_iio.dylib
0x000000012a84e000 	/Library/Java/JavaVirtualMachines/jdk1.8.0_202.jdk/Contents/Home/jre/lib/libjavafx_font.dylib
0x000000012b293000 	/System/Library/Frameworks/FileProvider.framework/OverrideBundles/CloudDocsFileProvider.bundle/Contents/MacOS/CloudDocsFileProvider
0x00007ff80d576000 	/System/Library/PrivateFrameworks/CloudDocs.framework/Versions/A/CloudDocs
0x00007ff81a605000 	/System/Library/PrivateFrameworks/AppleAccount.framework/Versions/A/AppleAccount
0x00007ff81455c000 	/System/Library/PrivateFrameworks/IDS.framework/Versions/A/IDS
0x00007ff81a75d000 	/System/Library/PrivateFrameworks/AppleIDSSOAuthentication.framework/Versions/A/AppleIDSSOAuthentication
0x00007ff80d335000 	/System/Library/PrivateFrameworks/ApplePushService.framework/Versions/A/ApplePushService
0x00007ff81a357000 	/System/Library/PrivateFrameworks/AppSupport.framework/Versions/A/AppSupport
0x00007ff81336c000 	/System/Library/PrivateFrameworks/IMFoundation.framework/Versions/A/IMFoundation
0x00007ff906d47000 	/System/Library/PrivateFrameworks/Marco.framework/Versions/A/Marco
0x00007ff8146d0000 	/System/Library/PrivateFrameworks/IDSFoundation.framework/Versions/A/IDSFoundation
0x00007ff80c08e000 	/System/Library/PrivateFrameworks/CommonUtilities.framework/Versions/A/CommonUtilities
0x00007ff90b994000 	/System/Library/PrivateFrameworks/FTServices.framework/Versions/A/FTServices
0x00007ff81e1bb000 	/System/Library/PrivateFrameworks/Engram.framework/Versions/A/Engram
0x00007ff81e162000 	/usr/lib/libtidy.A.dylib
0x00007ff811c89000 	/System/Library/PrivateFrameworks/Bom.framework/Versions/A/Bom
0x00007ff8136ac000 	/usr/lib/libParallelCompression.dylib
0x00007ff915ce8000 	/System/Library/PrivateFrameworks/FTAWD.framework/Versions/A/FTAWD
0x000000012b261000 	/System/Library/Frameworks/FileProvider.framework/OverrideBundles/FileProviderOverride.bundle/Contents/MacOS/FileProviderOverride
0x000000012b32c000 	/System/Library/Frameworks/FileProvider.framework/OverrideBundles/FinderSyncCollaborationFileProviderOverride.bundle/Contents/MacOS/FinderSyncCollaborationFileProviderOverride
0x00007ff91c49b000 	/System/Library/PrivateFrameworks/FinderSyncPriv.framework/Versions/A/FinderSyncPriv
0x00007ff80d384000 	/System/Library/Frameworks/CloudKit.framework/Versions/A/CloudKit
0x00007ff81aa12000 	/System/Library/PrivateFrameworks/C2.framework/Versions/A/C2
0x00007ff80e30a000 	/System/Library/Frameworks/CoreLocation.framework/Versions/A/CoreLocation
0x00007ffb07f5f000 	/System/Library/PrivateFrameworks/CloudKitDistributedSync.framework/Versions/A/CloudKitDistributedSync
0x00007ff81aa0a000 	/System/Library/Frameworks/PushKit.framework/Versions/A/PushKit
0x00007ff818d6e000 	/System/Library/PrivateFrameworks/CoreTime.framework/Versions/A/CoreTime
0x00007ff81c503000 	/System/Library/PrivateFrameworks/RTCReporting.framework/Versions/A/RTCReporting
0x00007ff814d82000 	/System/Library/PrivateFrameworks/GeoServices.framework/Versions/A/GeoServices
0x00007ff8133df000 	/System/Library/PrivateFrameworks/LocationSupport.framework/Versions/A/LocationSupport
0x00007ffb0bfed000 	/System/Library/PrivateFrameworks/GeoServicesCore.framework/Versions/A/GeoServicesCore
0x00007ff907543000 	/System/Library/PrivateFrameworks/PhoneNumbers.framework/Versions/A/PhoneNumbers
0x00007ff909b8e000 	/usr/lib/libFosl_dynamic.dylib
0x00007ff90fb4f000 	/usr/lib/libncurses.5.4.dylib
0x00007ffa11a52000 	/System/Library/Extensions/AppleIntelKBLGraphicsMTLDriver.bundle/Contents/MacOS/AppleIntelKBLGraphicsMTLDriver
0x00007ff90bd9f000 	/System/Library/PrivateFrameworks/GPURawCounter.framework/Versions/A/GPURawCounter
0x000000013b9c9000 	/Library/Java/JavaVirtualMachines/jdk1.8.0_202.jdk/Contents/Home/jre/lib/libprism_common.dylib

VM Arguments:
jvm_args: -javaagent:/Users/saraeltlt/Library/Application Support/JetBrains/Toolbox/apps/IDEA-U/ch-0/223.8214.52/IntelliJ IDEA.app/Contents/lib/idea_rt.jar=56101:/Users/saraeltlt/Library/Application Support/JetBrains/Toolbox/apps/IDEA-U/ch-0/223.8214.52/IntelliJ IDEA.app/Contents/bin -Dfile.encoding=UTF-8 
java_command: tictactoeclient.TicTacToeClient
java_class_path (initial): /Library/Java/JavaVirtualMachines/jdk1.8.0_202.jdk/Contents/Home/jre/lib/charsets.jar:/Library/Java/JavaVirtualMachines/jdk1.8.0_202.jdk/Contents/Home/jre/lib/deploy.jar:/Library/Java/JavaVirtualMachines/jdk1.8.0_202.jdk/Contents/Home/jre/lib/ext/cldrdata.jar:/Library/Java/JavaVirtualMachines/jdk1.8.0_202.jdk/Contents/Home/jre/lib/ext/dnsns.jar:/Library/Java/JavaVirtualMachines/jdk1.8.0_202.jdk/Contents/Home/jre/lib/ext/jaccess.jar:/Library/Java/JavaVirtualMachines/jdk1.8.0_202.jdk/Contents/Home/jre/lib/ext/jfxrt.jar:/Library/Java/JavaVirtualMachines/jdk1.8.0_202.jdk/Contents/Home/jre/lib/ext/localedata.jar:/Library/Java/JavaVirtualMachines/jdk1.8.0_202.jdk/Contents/Home/jre/lib/ext/nashorn.jar:/Library/Java/JavaVirtualMachines/jdk1.8.0_202.jdk/Contents/Home/jre/lib/ext/sunec.jar:/Library/Java/JavaVirtualMachines/jdk1.8.0_202.jdk/Contents/Home/jre/lib/ext/sunjce_provider.jar:/Library/Java/JavaVirtualMachines/jdk1.8.0_202.jdk/Contents/Home/jre/lib/ext/sunpkcs11.jar:/Library/Java/JavaVirtualMachines/jdk1.8.0_202.jdk/Contents/Home/jre/lib/ext/zipfs.jar:/Library/Java/JavaVirtualMachines/jdk1.8.0_202.jdk/Contents/Home/jre/lib/javaws.jar:/Library/Java/JavaVirtualMachines/jdk1.8.0_202.jdk/Contents/Home/jre/lib/jce.jar:/Library/Java/JavaVirtualMachines/jdk1.8.0_202.jdk/Contents/Home/jre/lib/jfr.jar:/Library/Java/JavaVirtualMachines/jdk1.8.0_202.jdk/Contents/Home/jre/lib/jfxswt.jar:/Library/Java/JavaVirtualMachines/jdk1.8.0_202.jdk/Contents/Home/jre/lib/jsse.jar:/Library/Java/JavaVirtualMachines/jdk1.8.0_202.jdk/Contents/Home/jre/lib/management-agent.jar:/Library/Java/JavaVirtualMachines/jdk1.8.0_202.jdk/Contents/Home/jre/lib/plugin.jar:/Library/Java/JavaVirtualMachines/jdk1.8.0_202.jdk/Contents/Home/jre/lib/resources.jar:/Library/Java/JavaVirtualMachines/jdk1.8.0_202.jdk/Contents/Home/jre/lib/rt.jar:/Users/saraeltlt/Desktop/tictac/Tic-Tac-Toe/out/production/TicTacToeClient:/Users/saraeltlt/Library/Application Support/JetBrains/Toolbox/apps/IDEA-
Launcher Type: SUN_STANDARD

Environment Variables:
PATH=/usr/local/bin:/usr/bin:/bin:/usr/sbin:/sbin:/usr/local/mysql/bin:/Library/Apple/usr/bin:/usr/local/bin
SHELL=/bin/bash

Signal Handlers:
SIGSEGV: [libjvm.dylib+0x5b719d], sa_mask[0]=11111111011111110111111111111111, sa_flags=SA_ONSTACK|SA_RESTART|SA_SIGINFO
SIGBUS: [libjvm.dylib+0x5b719d], sa_mask[0]=11111111011111110111111111111111, sa_flags=SA_RESTART|SA_SIGINFO
SIGFPE: [libjvm.dylib+0x48c8fc], sa_mask[0]=11111111011111110111111111111111, sa_flags=SA_RESTART|SA_SIGINFO
SIGPIPE: [libjvm.dylib+0x48c8fc], sa_mask[0]=11111111011111110111111111111111, sa_flags=SA_RESTART|SA_SIGINFO
SIGXFSZ: [libjvm.dylib+0x48c8fc], sa_mask[0]=11111111011111110111111111111111, sa_flags=SA_RESTART|SA_SIGINFO
SIGILL: [libjvm.dylib+0x48c8fc], sa_mask[0]=11111111011111110111111111111111, sa_flags=SA_RESTART|SA_SIGINFO
SIGUSR1: SIG_DFL, sa_mask[0]=00000000000000000000000000000000, sa_flags=none
SIGUSR2: [libjvm.dylib+0x48c41a], sa_mask[0]=00100000000000000000000000000000, sa_flags=SA_RESTART|SA_SIGINFO
SIGHUP: [libjvm.dylib+0x48a9a5], sa_mask[0]=11111111011111110111111111111111, sa_flags=SA_RESTART|SA_SIGINFO
SIGINT: [libjvm.dylib+0x48a9a5], sa_mask[0]=11111111011111110111111111111111, sa_flags=SA_RESTART|SA_SIGINFO
SIGTERM: [libjvm.dylib+0x48a9a5], sa_mask[0]=11111111011111110111111111111111, sa_flags=SA_RESTART|SA_SIGINFO
SIGQUIT: [libjvm.dylib+0x48a9a5], sa_mask[0]=11111111011111110111111111111111, sa_flags=SA_RESTART|SA_SIGINFO


---------------  S Y S T E M  ---------------

OS:Bsduname:Darwin 21.6.0 Darwin Kernel Version 21.6.0: Mon Aug 22 20:17:10 PDT 2022; root:xnu-8020.140.49~2/RELEASE_X86_64 x86_64
rlimit: STACK 8192k, CORE 0k, NPROC 1392, NOFILE 10240, AS infinity
load average:7.29 4.67 5.02

CPU:total 4 (initial active 4) (2 cores per cpu, 2 threads per core) family 6 model 142 stepping 9, cmov, cx8, fxsr, mmx, sse, sse2, sse3, ssse3, sse4.1, sse4.2, popcnt, avx, avx2, aes, clmul, erms, rtm, 3dnowpref, lzcnt, ht, tsc, tscinvbit, bmi1, bmi2, adx

Memory: 4k page, physical 8388608k(15268k free)

/proc/meminfo:


vm_info: Java HotSpot(TM) 64-Bit Server VM (25.202-b08) for bsd-amd64 JRE (1.8.0_202-b08), built on Dec 15 2018 20:16:16 by "java_re" with gcc 4.2.1 (Based on Apple Inc. build 5658) (LLVM build 2336.11.00)

time: Fri Jan 13 22:21:08 2023
timezone: EET
elapsed time: 991 seconds (0d 0h 16m 31s)

